2025-01-22 11:14:21,599 [ERROR] ConfigurationRetriever:142 - IOException on connection: sw-center.st.com
2025-01-22 11:14:21,629 [ERROR] ConfigurationRetriever:142 - IOException on connection: sw-center.st.com
2025-01-22 11:14:21,629 [ERROR] ConfigurationRetriever:142 - IOException on connection: sw-center.st.com
2025-01-22 11:14:34,692 [ERROR] LogOutputStream:75 - [STDERR_REDIRECT] 
2025-01-22 11:14:34,692 [ERROR] LogOutputStream:75 - [STDERR_REDIRECT] 
2025-01-22 14:35:06,690 [INFO] Activator:176 - 


2025-01-22 14:35:06,692 [INFO] Activator:177 - !SESSION log4j initialized
2025-01-22 14:35:12,141 [INFO] LogOutputStream:77 - [STDOUT_REDIRECT] 
2025-01-22 14:35:12,549 [ERROR] ConfigurationRetriever:142 - IOException on connection: sw-center.st.com
2025-01-22 14:35:12,551 [ERROR] ConfigurationRetriever:142 - IOException on connection: sw-center.st.com
2025-01-22 14:35:12,551 [ERROR] ConfigurationRetriever:142 - IOException on connection: sw-center.st.com
2025-01-22 14:35:14,247 [INFO] ApplicationProperties:184 - Using Application install path: C:\ST\STM32CubeIDE_1.16.1\STM32CubeIDE\plugins\com.st.stm32cube.common.mx_6.12.1.202409122256
2025-01-22 14:35:14,267 [INFO] DbMcusXml:78 - Set database path to: C:\ST\STM32CubeIDE_1.16.1\STM32CubeIDE\plugins\com.st.stm32cube.common.mx_6.12.1.202409122256\\db\/mcu/
2025-01-22 14:35:14,267 [INFO] ApiDb:274 - Set plugin database path to: C:\ST\STM32CubeIDE_1.16.1\STM32CubeIDE\plugins\com.st.stm32cube.common.mx_6.12.1.202409122256\\db\/plugins/boardmanager/
2025-01-22 14:35:14,267 [WARN] ApiDb:259 - Overriding images path with different value:  => C:\ST\STM32CubeIDE_1.16.1\STM32CubeIDE\plugins\com.st.stm32cube.common.mx_6.12.1.202409122256\\db\/plugins/mcufinder/images/
2025-01-22 14:35:14,274 [INFO] ApiDb:250 - Set database path to: C:\Users\User\.stmcufinder\plugins\mcufinder//mcu/
2025-01-22 14:35:14,275 [INFO] DbMcusAds:125 - Set database path to: C:\Users\User\.stmcufinder\plugins\mcufinder//mcu/
2025-01-22 14:35:14,278 [INFO] CrossReferenceDbSqlite:203 - Set database path to: C:\Users\User\.stmcufinder\plugins\mcufinder//mcu/cs/
2025-01-22 14:35:14,385 [INFO] RulesReader:64 - Compatibility file has been processed (297 Rules)
2025-01-22 14:35:14,470 [INFO] DbMcusXml:78 - Set database path to: C:\ST\STM32CubeIDE_1.16.1\STM32CubeIDE\plugins\com.st.stm32cube.common.mx_6.12.1.202409122256\\db\/mcu/
2025-01-22 14:35:14,470 [INFO] ApiDb:274 - Set plugin database path to: C:\ST\STM32CubeIDE_1.16.1\STM32CubeIDE\plugins\com.st.stm32cube.common.mx_6.12.1.202409122256\\db\/plugins/boardmanager/
2025-01-22 14:35:14,470 [INFO] ApiDb:261 - Set plugin images path to: C:\ST\STM32CubeIDE_1.16.1\STM32CubeIDE\plugins\com.st.stm32cube.common.mx_6.12.1.202409122256\\db\/plugins/mcufinder/images/
2025-01-22 14:35:14,471 [WARN] DbFile:41 - Overriding database path with different value: C:\Users\User\.stmcufinder\plugins\mcufinder/ => C:\Users\User\.stmcufinder\plugins\mcufinder
2025-01-22 14:35:14,471 [INFO] ApiDb:250 - Set database path to: C:\Users\User\.stmcufinder\plugins\mcufinder//mcu/
2025-01-22 14:35:14,471 [WARN] DbFile:41 - Overriding database path with different value: C:\Users\User\.stmcufinder\plugins\mcufinder/ => C:\Users\User\.stmcufinder\plugins\mcufinder
2025-01-22 14:35:14,471 [INFO] DbMcusAds:125 - Set database path to: C:\Users\User\.stmcufinder\plugins\mcufinder//mcu/
2025-01-22 14:35:14,471 [WARN] DbFile:41 - Overriding database path with different value: C:\Users\User\.stmcufinder\plugins\mcufinder/ => C:\Users\User\.stmcufinder\plugins\mcufinder
2025-01-22 14:35:14,471 [WARN] DbFile:41 - Overriding database path with different value: C:\Users\User\.stmcufinder\plugins\mcufinder/ => C:\Users\User\.stmcufinder\plugins\mcufinder
2025-01-22 14:35:14,471 [INFO] CrossReferenceDbSqlite:203 - Set database path to: C:\Users\User\.stmcufinder\plugins\mcufinder//mcu/cs/
2025-01-22 14:35:14,565 [INFO] MainPanel:268 - HeapMemory: 268435456
2025-01-22 14:35:14,665 [INFO] DbMcusXml:78 - Set database path to: C:\ST\STM32CubeIDE_1.16.1\STM32CubeIDE\plugins\com.st.stm32cube.common.mx_6.12.1.202409122256\\db\/mcu/
2025-01-22 14:35:14,665 [INFO] ApiDb:274 - Set plugin database path to: C:\ST\STM32CubeIDE_1.16.1\STM32CubeIDE\plugins\com.st.stm32cube.common.mx_6.12.1.202409122256\\db\/plugins/boardmanager/
2025-01-22 14:35:14,665 [INFO] ApiDb:261 - Set plugin images path to: C:\ST\STM32CubeIDE_1.16.1\STM32CubeIDE\plugins\com.st.stm32cube.common.mx_6.12.1.202409122256\\db\/plugins/mcufinder/images/
2025-01-22 14:35:14,666 [WARN] DbFile:41 - Overriding database path with different value: C:\Users\User\.stmcufinder\plugins\mcufinder/ => C:\Users\User\.stmcufinder\plugins\mcufinder
2025-01-22 14:35:14,666 [INFO] ApiDb:250 - Set database path to: C:\Users\User\.stmcufinder\plugins\mcufinder//mcu/
2025-01-22 14:35:14,666 [WARN] DbFile:41 - Overriding database path with different value: C:\Users\User\.stmcufinder\plugins\mcufinder/ => C:\Users\User\.stmcufinder\plugins\mcufinder
2025-01-22 14:35:14,666 [INFO] DbMcusAds:125 - Set database path to: C:\Users\User\.stmcufinder\plugins\mcufinder//mcu/
2025-01-22 14:35:14,666 [WARN] DbFile:41 - Overriding database path with different value: C:\Users\User\.stmcufinder\plugins\mcufinder/ => C:\Users\User\.stmcufinder\plugins\mcufinder
2025-01-22 14:35:14,666 [WARN] DbFile:41 - Overriding database path with different value: C:\Users\User\.stmcufinder\plugins\mcufinder/ => C:\Users\User\.stmcufinder\plugins\mcufinder
2025-01-22 14:35:14,666 [INFO] CrossReferenceDbSqlite:203 - Set database path to: C:\Users\User\.stmcufinder\plugins\mcufinder//mcu/cs/
2025-01-22 14:35:14,683 [INFO] ApplicationProperties:184 - Using Application install path: C:\ST\STM32CubeIDE_1.16.1\STM32CubeIDE\plugins\com.st.stm32cube.common.mx_6.12.1.202409122256
2025-01-22 14:35:14,684 [INFO] PluginManage:196 - Search for loadable plugins [exclusion list=, ]
2025-01-22 14:35:14,685 [INFO] PluginManage:310 - Check plugin analytics
2025-01-22 14:35:14,920 [INFO] AnalyticsPlugin:253 - Accepted Software Licenses: 
2025-01-22 14:35:14,920 [INFO] AnalyticsPlugin:255 - Accepted CMSIS Pack Licenses: 
2025-01-22 14:35:14,921 [INFO] AnalyticsPlugin:257 - Accepted Firmware Licenses: FW.L4.1.18.0,FW.G0.1.6.0
2025-01-22 14:35:14,926 [INFO] PluginManage:359 - Loaded plugin analytics (category:tool,tabindex:-1)
2025-01-22 14:35:14,926 [INFO] PluginManage:310 - Check plugin cadmodel
2025-01-22 14:35:14,926 [ERROR] ConfigurationRetriever:142 - IOException on connection: sw-center.st.com
2025-01-22 14:35:14,927 [ERROR] ConfigurationRetriever:142 - IOException on connection: sw-center.st.com
2025-01-22 14:35:14,928 [ERROR] ConfigurationRetriever:142 - IOException on connection: sw-center.st.com
2025-01-22 14:35:14,949 [INFO] CADModel:105 - Init CAD model plugin
2025-01-22 14:35:14,949 [INFO] PluginManage:359 - Loaded plugin cadmodel (category:power,tabindex:5)
2025-01-22 14:35:14,950 [INFO] PluginManage:310 - Check plugin clock
2025-01-22 14:35:14,974 [INFO] PluginManage:359 - Loaded plugin clock (category:base,tabindex:2)
2025-01-22 14:35:14,975 [INFO] PluginManage:310 - Check plugin ddr
2025-01-22 14:35:14,978 [INFO] PluginManage:359 - Loaded plugin ddr (category:tool,tabindex:6)
2025-01-22 14:35:14,978 [INFO] PluginManage:310 - Check plugin filemanager
2025-01-22 14:35:15,116 [INFO] PluginManage:359 - Loaded plugin filemanager (category:base,tabindex:10)
2025-01-22 14:35:15,117 [INFO] PluginManage:310 - Check plugin ipmanager
2025-01-22 14:35:15,123 [INFO] PluginManage:359 - Loaded plugin ipmanager (category:base,tabindex:5)
2025-01-22 14:35:15,123 [INFO] PluginManage:310 - Check plugin lpbam
2025-01-22 14:35:15,142 [INFO] PluginManage:359 - Loaded plugin lpbam (category:base,tabindex:0)
2025-01-22 14:35:15,142 [INFO] PluginManage:310 - Check plugin memorymap
2025-01-22 14:35:15,167 [INFO] PluginManage:359 - Loaded plugin memorymap (category:base,tabindex:4)
2025-01-22 14:35:15,167 [INFO] PluginManage:310 - Check plugin pinoutandconfiguration
2025-01-22 14:35:15,185 [INFO] PluginManage:359 - Loaded plugin pinoutandconfiguration (category:base,tabindex:1)
2025-01-22 14:35:15,185 [INFO] PluginManage:310 - Check plugin pinoutconfig
2025-01-22 14:35:15,284 [WARN] SupportedApi:132 - Cannot load RTOS API schema: s4s-elt-must-match.1: The content of 'definitions' must match (annotation?, (simpleType | complexType)?, (unique | key | keyref)*)). A problem was found starting at: attribute.
2025-01-22 14:35:15,419 [INFO] PluginManage:359 - Loaded plugin pinoutconfig (category:base,tabindex:0)
2025-01-22 14:35:15,419 [INFO] PluginManage:310 - Check plugin power
2025-01-22 14:35:15,440 [INFO] PluginManage:359 - Loaded plugin power (category:power,tabindex:4)
2025-01-22 14:35:15,440 [INFO] PluginManage:310 - Check plugin projectmanager
2025-01-22 14:35:15,456 [INFO] PluginManage:359 - Loaded plugin projectmanager (category:projectmanager,tabindex:4)
2025-01-22 14:35:15,456 [INFO] PluginManage:310 - Check plugin rif
2025-01-22 14:35:15,473 [INFO] PluginManage:359 - Loaded plugin rif (category:base,tabindex:3)
2025-01-22 14:35:15,474 [INFO] PluginManage:310 - Check plugin thirdparty
2025-01-22 14:35:15,765 [INFO] PluginManage:359 - Loaded plugin thirdparty (category:base,tabindex:-1)
2025-01-22 14:35:15,765 [WARN] IntegrityCheckThread:84 - waiting for thirdparty lock release [integrity check]
2025-01-22 14:35:15,765 [INFO] PluginManage:310 - Check plugin tools
2025-01-22 14:35:15,765 [INFO] IntegrityCheckThread:86 - entering critical section [integrity check]
2025-01-22 14:35:15,766 [INFO] ThirdPartyUpdaterWithRetryManager:70 - Updater plugin not ready yet. [1/15]
2025-01-22 14:35:15,803 [INFO] PluginManage:359 - Loaded plugin tools (category:base,tabindex:7)
2025-01-22 14:35:15,803 [INFO] PluginManage:310 - Check plugin tutovideos
2025-01-22 14:35:15,994 [INFO] PluginManage:359 - Loaded plugin tutovideos (category:base,tabindex:-1)
2025-01-22 14:35:15,994 [INFO] PluginManage:310 - Check plugin updater
2025-01-22 14:35:16,011 [INFO] PluginManage:359 - Loaded plugin updater (category:base,tabindex:12)
2025-01-22 14:35:16,011 [INFO] PluginManage:310 - Check plugin userauth
2025-01-22 14:35:16,017 [INFO] UserAuth:113 - Init User Auth plugin
2025-01-22 14:35:16,017 [INFO] PluginManage:359 - Loaded plugin userauth (category:base,tabindex:14)
2025-01-22 14:35:16,017 [INFO] PluginManage:283 - PluginManage : Loaded plugins [18]
2025-01-22 14:35:16,213 [INFO] PinOutPanel:1561 - setPackage(No Configuration,No Configuration)
2025-01-22 14:35:16,295 [INFO] CADModel:165 - CPN selected for project level
2025-01-22 14:35:16,295 [INFO] CADModel:114 - Register for checkConnection events
2025-01-22 14:35:16,322 [INFO] IPUIPlugin:80 - create IPUIPlugin
2025-01-22 14:35:16,323 [INFO] PluginManager:220 - loadIPPluginJar : add adc
2025-01-22 14:35:16,360 [INFO] IPUIPlugin:80 - create IPUIPlugin
2025-01-22 14:35:16,360 [INFO] PluginManager:220 - loadIPPluginJar : add aes
2025-01-22 14:35:16,402 [INFO] IPUIPlugin:80 - create IPUIPlugin
2025-01-22 14:35:16,402 [INFO] PluginManager:220 - loadIPPluginJar : add can
2025-01-22 14:35:16,428 [INFO] IPUIPlugin:80 - create IPUIPlugin
2025-01-22 14:35:16,428 [INFO] PluginManager:220 - loadIPPluginJar : add comp
2025-01-22 14:35:16,463 [INFO] IPUIPlugin:80 - create IPUIPlugin
2025-01-22 14:35:16,463 [INFO] PluginManager:220 - loadIPPluginJar : add cryp
2025-01-22 14:35:16,476 [INFO] IPUIPlugin:80 - create IPUIPlugin
2025-01-22 14:35:16,476 [INFO] PluginManager:220 - loadIPPluginJar : add ddr_ctrl_phy
2025-01-22 14:35:16,507 [INFO] IPUIPlugin:80 - create IPUIPlugin
2025-01-22 14:35:16,507 [INFO] PluginManager:220 - loadIPPluginJar : add dfsdm
2025-01-22 14:35:16,522 [INFO] IPUIPlugin:80 - create IPUIPlugin
2025-01-22 14:35:16,522 [INFO] PluginManager:220 - loadIPPluginJar : add dma
2025-01-22 14:35:16,568 [INFO] IPUIPlugin:80 - create IPUIPlugin
2025-01-22 14:35:16,568 [INFO] PluginManager:220 - loadIPPluginJar : add dma3
2025-01-22 14:35:16,615 [INFO] IPUIPlugin:80 - create IPUIPlugin
2025-01-22 14:35:16,615 [INFO] PluginManager:220 - loadIPPluginJar : add extmemmanager
2025-01-22 14:35:16,640 [INFO] IPUIPlugin:80 - create IPUIPlugin
2025-01-22 14:35:16,640 [INFO] PluginManager:220 - loadIPPluginJar : add fatfs
2025-01-22 14:35:16,697 [INFO] IPUIPlugin:80 - create IPUIPlugin
2025-01-22 14:35:16,697 [INFO] PluginManager:220 - loadIPPluginJar : add fmc
2025-01-22 14:35:16,715 [INFO] IPUIPlugin:80 - create IPUIPlugin
2025-01-22 14:35:16,716 [INFO] PluginManager:220 - loadIPPluginJar : add freertos
2025-01-22 14:35:16,741 [INFO] IPUIPlugin:80 - create IPUIPlugin
2025-01-22 14:35:16,741 [INFO] PluginManager:220 - loadIPPluginJar : add genericplugin
2025-01-22 14:35:16,840 [INFO] IPUIPlugin:80 - create IPUIPlugin
2025-01-22 14:35:16,840 [INFO] PluginManager:220 - loadIPPluginJar : add gfxmmu
2025-01-22 14:35:16,979 [INFO] IPUIPlugin:80 - create IPUIPlugin
2025-01-22 14:35:16,981 [INFO] PluginManager:220 - loadIPPluginJar : add gic
2025-01-22 14:35:16,994 [INFO] IPUIPlugin:80 - create IPUIPlugin
2025-01-22 14:35:16,995 [INFO] PluginManager:220 - loadIPPluginJar : add gpio
2025-01-22 14:35:17,088 [INFO] IPUIPlugin:80 - create IPUIPlugin
2025-01-22 14:35:17,088 [INFO] PluginManager:220 - loadIPPluginJar : add gtzc
2025-01-22 14:35:17,122 [INFO] IPUIPlugin:80 - create IPUIPlugin
2025-01-22 14:35:17,122 [INFO] PluginManager:220 - loadIPPluginJar : add hash
2025-01-22 14:35:17,175 [INFO] IPUIPlugin:80 - create IPUIPlugin
2025-01-22 14:35:17,176 [INFO] PluginManager:220 - loadIPPluginJar : add i2c
2025-01-22 14:35:17,216 [INFO] IPUIPlugin:80 - create IPUIPlugin
2025-01-22 14:35:17,216 [INFO] PluginManager:220 - loadIPPluginJar : add i2s
2025-01-22 14:35:17,258 [INFO] IPUIPlugin:80 - create IPUIPlugin
2025-01-22 14:35:17,258 [INFO] PluginManager:220 - loadIPPluginJar : add i3c
2025-01-22 14:35:17,361 [INFO] IPUIPlugin:80 - create IPUIPlugin
2025-01-22 14:35:17,361 [INFO] PluginManager:220 - loadIPPluginJar : add ipddr
2025-01-22 14:35:17,456 [INFO] IPUIPlugin:80 - create IPUIPlugin
2025-01-22 14:35:17,456 [INFO] PluginManager:220 - loadIPPluginJar : add linkedlist
2025-01-22 14:35:17,494 [INFO] IPUIPlugin:80 - create IPUIPlugin
2025-01-22 14:35:17,494 [INFO] PluginManager:220 - loadIPPluginJar : add lorawan
2025-01-22 14:35:17,531 [INFO] IPUIPlugin:80 - create IPUIPlugin
2025-01-22 14:35:17,531 [INFO] PluginManager:220 - loadIPPluginJar : add ltdc
2025-01-22 14:35:17,546 [INFO] IPUIPlugin:80 - create IPUIPlugin
2025-01-22 14:35:17,546 [INFO] PluginManager:220 - loadIPPluginJar : add mdma
2025-01-22 14:35:17,559 [INFO] IPUIPlugin:80 - create IPUIPlugin
2025-01-22 14:35:17,559 [INFO] PluginManager:220 - loadIPPluginJar : add nvic
2025-01-22 14:35:17,597 [INFO] IPUIPlugin:80 - create IPUIPlugin
2025-01-22 14:35:17,597 [INFO] PluginManager:220 - loadIPPluginJar : add opamp
2025-01-22 14:35:17,659 [INFO] IPUIPlugin:80 - create IPUIPlugin
2025-01-22 14:35:17,659 [INFO] PluginManager:220 - loadIPPluginJar : add openamp
2025-01-22 14:35:17,705 [INFO] IPUIPlugin:80 - create IPUIPlugin
2025-01-22 14:35:17,705 [INFO] PluginManager:220 - loadIPPluginJar : add pdm2pcm
2025-01-22 14:35:17,721 [INFO] IPUIPlugin:80 - create IPUIPlugin
2025-01-22 14:35:17,723 [INFO] PluginManager:220 - loadIPPluginJar : add plateformsettings
2025-01-22 14:35:17,750 [INFO] IPUIPlugin:80 - create IPUIPlugin
2025-01-22 14:35:17,750 [INFO] PluginManager:220 - loadIPPluginJar : add quadspi
2025-01-22 14:35:17,788 [INFO] IPUIPlugin:80 - create IPUIPlugin
2025-01-22 14:35:17,789 [INFO] PluginManager:220 - loadIPPluginJar : add radio
2025-01-22 14:35:17,805 [INFO] IPUIPlugin:80 - create IPUIPlugin
2025-01-22 14:35:17,805 [INFO] PluginManager:220 - loadIPPluginJar : add resmgrutility
2025-01-22 14:35:17,857 [INFO] IPUIPlugin:80 - create IPUIPlugin
2025-01-22 14:35:17,857 [INFO] PluginManager:220 - loadIPPluginJar : add sai
2025-01-22 14:35:17,895 [INFO] IPUIPlugin:80 - create IPUIPlugin
2025-01-22 14:35:17,895 [INFO] PluginManager:220 - loadIPPluginJar : add spi
2025-01-22 14:35:17,972 [INFO] IPUIPlugin:80 - create IPUIPlugin
2025-01-22 14:35:17,972 [INFO] PluginManager:220 - loadIPPluginJar : add stm32_wpan
2025-01-22 14:35:17,998 [INFO] IPUIPlugin:80 - create IPUIPlugin
2025-01-22 14:35:17,999 [INFO] PluginManager:220 - loadIPPluginJar : add tim
2025-01-22 14:35:18,071 [INFO] IPUIPlugin:80 - create IPUIPlugin
2025-01-22 14:35:18,072 [INFO] PluginManager:220 - loadIPPluginJar : add touchsensing
2025-01-22 14:35:18,096 [INFO] IPUIPlugin:80 - create IPUIPlugin
2025-01-22 14:35:18,096 [INFO] PluginManager:220 - loadIPPluginJar : add tracer_emb
2025-01-22 14:35:18,122 [INFO] IPUIPlugin:80 - create IPUIPlugin
2025-01-22 14:35:18,122 [INFO] PluginManager:220 - loadIPPluginJar : add ts
2025-01-22 14:35:18,146 [INFO] IPUIPlugin:80 - create IPUIPlugin
2025-01-22 14:35:18,146 [INFO] PluginManager:220 - loadIPPluginJar : add tsc
2025-01-22 14:35:18,171 [INFO] IPUIPlugin:80 - create IPUIPlugin
2025-01-22 14:35:18,171 [INFO] PluginManager:220 - loadIPPluginJar : add ucpd
2025-01-22 14:35:18,215 [INFO] IPUIPlugin:80 - create IPUIPlugin
2025-01-22 14:35:18,215 [INFO] PluginManager:220 - loadIPPluginJar : add usart
2025-01-22 14:35:18,258 [INFO] IPUIPlugin:80 - create IPUIPlugin
2025-01-22 14:35:18,258 [INFO] PluginManager:220 - loadIPPluginJar : add usbx
2025-01-22 14:35:18,382 [INFO] CADModel:165 - CPN selected for project level
2025-01-22 14:35:18,383 [INFO] CADModel:114 - Register for checkConnection events
2025-01-22 14:35:18,383 [FATAL] Updater:334 - Updater called before beeing initialized
2025-01-22 14:35:18,383 [ERROR] CADModel:125 - Updater not yet initialized, retry later 
2025-01-22 14:35:18,511 [INFO] CADModel:165 - CPN selected for project level
2025-01-22 14:35:18,511 [INFO] CADModel:114 - Register for checkConnection events
2025-01-22 14:35:18,511 [FATAL] Updater:334 - Updater called before beeing initialized
2025-01-22 14:35:18,511 [ERROR] CADModel:125 - Updater not yet initialized, retry later 
2025-01-22 14:35:18,514 [FATAL] Updater:334 - Updater called before beeing initialized
2025-01-22 14:35:18,607 [FATAL] Updater:334 - Updater called before beeing initialized
2025-01-22 14:35:18,617 [INFO] DbMcusAds:53 - JSON generation date=Tue Dec 17 21:31:15 IST 2024 (1734451275143)
2025-01-22 14:35:18,618 [FATAL] Updater:334 - Updater called before beeing initialized
2025-01-22 14:35:18,652 [WARN] DetailPanel:346 - Failed to get advertising image, set to default
2025-01-22 14:35:18,733 [FATAL] Updater:334 - Updater called before beeing initialized
2025-01-22 14:35:18,735 [FATAL] Updater:334 - Updater called before beeing initialized
2025-01-22 14:35:18,735 [FATAL] Updater:334 - Updater called before beeing initialized
2025-01-22 14:35:18,736 [WARN] DetailPanel:346 - Failed to get advertising image, set to default
2025-01-22 14:35:18,737 [FATAL] Updater:334 - Updater called before beeing initialized
2025-01-22 14:35:18,767 [INFO] ThirdPartyUpdaterWithRetryManager:70 - Updater plugin not ready yet. [2/15]
2025-01-22 14:35:18,831 [ERROR] Updater:1164 - MainUpdater not yet initialized. External WinMGr cannot be set.
2025-01-22 14:35:18,846 [INFO] Updater:1100 - Updater Version found : 6.12.1
2025-01-22 14:35:18,870 [INFO] ApplicationProperties:184 - Using Application install path: C:\ST\STM32CubeIDE_1.16.1\STM32CubeIDE\plugins\com.st.stm32cube.common.mx_6.12.1.202409122256
2025-01-22 14:35:20,454 [ERROR] LogOutputStream:75 - [STDERR_REDIRECT] Jan 22, 2025 2:35:20 PM java.util.prefs.WindowsPreferences <init>
2025-01-22 14:35:20,455 [ERROR] LogOutputStream:75 - [STDERR_REDIRECT] WARNING: Could not open/create prefs root node Software\JavaSoft\Prefs at root 0xffffffff80000002. Windows RegCreateKeyEx(...) returned error code 5.
2025-01-22 14:35:20,455 [ERROR] LogOutputStream:75 - [STDERR_REDIRECT] 
2025-01-22 14:35:20,735 [INFO] MainUpdater:2873 - connection check result : 22
2025-01-22 14:35:20,736 [INFO] MainUpdater:290 - Updater Check For Update Now.
2025-01-22 14:35:20,737 [INFO] MicroXplorer:498 - Change Database Version : DB.6.0.121
2025-01-22 14:35:20,757 [INFO] McuFinderGlobals:63 - Set McuFinder mode to 2 (CubeIDE integrated)
2025-01-22 14:35:20,766 [INFO] UserAuth:417 - Internet connection configuration mode: 2
2025-01-22 14:35:20,774 [INFO] UserAuth:417 - Internet connection configuration mode: 2
2025-01-22 14:35:20,988 [INFO] CheckServerUpdateThread:120 - End of CheckServer Thread
2025-01-22 14:35:21,970 [WARN] PackLoader:240 - Cannot read IP mode file for STMicroelectronics.FP-SNS-MOTENVWB1.1.4.0
2025-01-22 14:35:21,988 [WARN] PackLoader:240 - Cannot read IP mode file for STMicroelectronics.FP-ATR-ASTRA1.2.0.1
2025-01-22 14:35:22,008 [WARN] PackLoader:240 - Cannot read IP mode file for STMicroelectronics.X-CUBE-SMBUS.2.1.0
2025-01-22 14:35:22,030 [WARN] PackLoader:240 - Cannot read IP mode file for STMicroelectronics.X-CUBE-WB05N.1.1.0
2025-01-22 14:35:22,067 [WARN] PackLoader:240 - Cannot read IP mode file for STMicroelectronics.X-CUBE-AZRTOS-F7.1.1.0
2025-01-22 14:35:22,145 [WARN] PackLoader:240 - Cannot read IP mode file for STMicroelectronics.X-CUBE-MEMS1.11.0.0
2025-01-22 14:35:22,296 [WARN] PackLoader:240 - Cannot read IP mode file for STMicroelectronics.FP-SNS-FLIGHT1.5.0.2
2025-01-22 14:35:22,319 [WARN] PackLoader:240 - Cannot read IP mode file for STMicroelectronics.X-CUBE-DISPLAY.3.0.0
2025-01-22 14:35:22,342 [WARN] PackLoader:240 - Cannot read IP mode file for STMicroelectronics.X-CUBE-BLE1.7.0.0
2025-01-22 14:35:22,363 [WARN] PackLoader:240 - Cannot read IP mode file for STMicroelectronics.X-CUBE-NFC10.1.0.0
2025-01-22 14:35:22,387 [WARN] PackLoader:240 - Cannot read IP mode file for STMicroelectronics.X-CUBE-BLEMGR.4.0.0
2025-01-22 14:35:22,407 [WARN] PackLoader:240 - Cannot read IP mode file for emotas.I-CUBE-CANOPEN.1.3.0
2025-01-22 14:35:22,431 [WARN] PackLoader:240 - Cannot read IP mode file for STMicroelectronics.X-CUBE-BLEMGR.3.1.0
2025-01-22 14:35:22,453 [WARN] PackLoader:240 - Cannot read IP mode file for STMicroelectronics.FP-SNS-SMARTAG2.1.2.0
2025-01-22 14:35:22,542 [WARN] PackLoader:240 - Cannot read IP mode file for STMicroelectronics.X-CUBE-MEMS1.11.1.0
2025-01-22 14:35:22,725 [INFO] LogOutputStream:77 - [STDOUT_REDIRECT] 1 : Invalid condition id : UX_CORESTACK_Condition cause : null
2025-01-22 14:35:22,726 [INFO] LogOutputStream:77 - [STDOUT_REDIRECT] 1 : Invalid condition id : UX_CORESTACK_Condition cause : null
2025-01-22 14:35:22,728 [INFO] LogOutputStream:77 - [STDOUT_REDIRECT] 1 : Invalid condition id : UX_CORESTACK_Condition cause : null
2025-01-22 14:35:22,730 [INFO] LogOutputStream:77 - [STDOUT_REDIRECT] 1 : Invalid condition id : UX_CORESTACK_Condition cause : null
2025-01-22 14:35:22,731 [INFO] LogOutputStream:77 - [STDOUT_REDIRECT] 1 : Invalid condition id : UX_CORESTACK_Condition cause : null
2025-01-22 14:35:22,734 [WARN] PackLoader:240 - Cannot read IP mode file for STMicroelectronics.X-CUBE-AZRTOS-WL.2.0.0
2025-01-22 14:35:22,761 [WARN] PackLoader:240 - Cannot read IP mode file for STMicroelectronics.FP-SNS-MOTENV1.5.0.0
2025-01-22 14:35:22,787 [WARN] PackLoader:240 - Cannot read IP mode file for wolfSSL.I-CUBE-wolfMQTT.1.19.0
2025-01-22 14:35:22,817 [WARN] PackLoader:240 - Cannot read IP mode file for WES.I-CUBE-Cesium.1.3.0
2025-01-22 14:35:22,834 [WARN] PackLoader:240 - Cannot read IP mode file for STMicroelectronics.X-CUBE-BLE2.3.3.0
2025-01-22 14:35:22,859 [WARN] PackLoader:240 - Cannot read IP mode file for STMicroelectronics.X-CUBE-NFC9.1.0.0
2025-01-22 14:35:22,874 [WARN] PackLoader:240 - Cannot read IP mode file for STMicroelectronics.X-CUBE-TCPP.4.1.0
2025-01-22 14:35:22,907 [WARN] PackLoader:240 - Cannot read IP mode file for STMicroelectronics.X-CUBE-AZRTOS-G0.1.1.0
2025-01-22 14:35:22,940 [WARN] PackLoader:240 - Cannot read IP mode file for STMicroelectronics.X-CUBE-SAFEA1.1.2.2
2025-01-22 14:35:22,967 [WARN] PackLoader:240 - Cannot read IP mode file for STMicroelectronics.X-CUBE-NFC4.3.0.0
2025-01-22 14:35:22,998 [WARN] PackLoader:240 - Cannot read IP mode file for EmbeddedOffice.I-CUBE-FS-RTOS.1.0.1
2025-01-22 14:35:22,998 [ERROR] ConditionMgr:805 - Attr not supported : Dmpu
2025-01-22 14:35:22,998 [ERROR] ConditionMgr:805 - Attr not supported : Dmpu
2025-01-22 14:35:22,999 [ERROR] ConditionMgr:805 - Attr not supported : Dmpu
2025-01-22 14:35:22,999 [ERROR] ConditionMgr:805 - Attr not supported : Dmpu
2025-01-22 14:35:22,999 [ERROR] ConditionMgr:805 - Attr not supported : Dmpu
2025-01-22 14:35:22,999 [ERROR] ConditionMgr:805 - Attr not supported : Dmpu
2025-01-22 14:35:22,999 [ERROR] ConditionMgr:805 - Attr not supported : Dmpu
2025-01-22 14:35:22,999 [ERROR] ConditionMgr:805 - Attr not supported : Dmpu
2025-01-22 14:35:23,000 [ERROR] ConditionMgr:805 - Attr not supported : Dmpu
2025-01-22 14:35:23,000 [ERROR] ConditionMgr:805 - Attr not supported : Dmpu
2025-01-22 14:35:23,000 [ERROR] ConditionMgr:805 - Attr not supported : Dmpu
2025-01-22 14:35:23,000 [ERROR] ConditionMgr:805 - Attr not supported : Dmpu
2025-01-22 14:35:23,000 [ERROR] ConditionMgr:805 - Attr not supported : Dmpu
2025-01-22 14:35:23,000 [ERROR] ConditionMgr:805 - Attr not supported : Dmpu
2025-01-22 14:35:23,000 [ERROR] ConditionMgr:805 - Attr not supported : Dmpu
2025-01-22 14:35:23,001 [ERROR] ConditionMgr:805 - Attr not supported : Dmpu
2025-01-22 14:35:23,001 [ERROR] ConditionMgr:805 - Attr not supported : Dmpu
2025-01-22 14:35:23,001 [ERROR] ConditionMgr:805 - Attr not supported : Dmpu
2025-01-22 14:35:23,001 [ERROR] ConditionMgr:805 - Attr not supported : Dmpu
2025-01-22 14:35:23,001 [ERROR] ConditionMgr:805 - Attr not supported : Dmpu
2025-01-22 14:35:23,001 [ERROR] ConditionMgr:805 - Attr not supported : Dmpu
2025-01-22 14:35:23,001 [ERROR] ConditionMgr:805 - Attr not supported : Dmpu
2025-01-22 14:35:23,001 [ERROR] ConditionMgr:805 - Attr not supported : Dmpu
2025-01-22 14:35:23,001 [ERROR] ConditionMgr:805 - Attr not supported : Dmpu
2025-01-22 14:35:23,001 [ERROR] ConditionMgr:805 - Attr not supported : Dmpu
2025-01-22 14:35:23,001 [ERROR] ConditionMgr:805 - Attr not supported : Dmpu
2025-01-22 14:35:23,001 [ERROR] ConditionMgr:805 - Attr not supported : Dmpu
2025-01-22 14:35:23,001 [ERROR] ConditionMgr:805 - Attr not supported : Dmpu
2025-01-22 14:35:23,001 [ERROR] ConditionMgr:805 - Attr not supported : Dmpu
2025-01-22 14:35:23,001 [ERROR] ConditionMgr:805 - Attr not supported : Dmpu
2025-01-22 14:35:23,001 [ERROR] ConditionMgr:805 - Attr not supported : Dmpu
2025-01-22 14:35:23,001 [ERROR] ConditionMgr:805 - Attr not supported : Dmpu
2025-01-22 14:35:23,002 [ERROR] ConditionMgr:805 - Attr not supported : Dmpu
2025-01-22 14:35:23,002 [ERROR] ConditionMgr:805 - Attr not supported : Dmpu
2025-01-22 14:35:23,002 [ERROR] ConditionMgr:805 - Attr not supported : Dmpu
2025-01-22 14:35:23,002 [ERROR] ConditionMgr:805 - Attr not supported : Dmpu
2025-01-22 14:35:23,002 [ERROR] ConditionMgr:805 - Attr not supported : Dmpu
2025-01-22 14:35:23,002 [ERROR] ConditionMgr:805 - Attr not supported : Dmpu
2025-01-22 14:35:23,002 [ERROR] ConditionMgr:805 - Attr not supported : Dmpu
2025-01-22 14:35:23,002 [ERROR] ConditionMgr:805 - Attr not supported : Dmpu
2025-01-22 14:35:23,002 [ERROR] ConditionMgr:805 - Attr not supported : Dmpu
2025-01-22 14:35:23,002 [ERROR] ConditionMgr:805 - Attr not supported : Dmpu
2025-01-22 14:35:23,002 [ERROR] ConditionMgr:805 - Attr not supported : Dmpu
2025-01-22 14:35:23,002 [ERROR] ConditionMgr:805 - Attr not supported : Dmpu
2025-01-22 14:35:23,002 [ERROR] ConditionMgr:805 - Attr not supported : Dmpu
2025-01-22 14:35:23,002 [ERROR] ConditionMgr:805 - Attr not supported : Dmpu
2025-01-22 14:35:23,003 [ERROR] ConditionMgr:805 - Attr not supported : Dmpu
2025-01-22 14:35:23,003 [ERROR] ConditionMgr:805 - Attr not supported : Dmpu
2025-01-22 14:35:23,003 [ERROR] ConditionMgr:805 - Attr not supported : Dmpu
2025-01-22 14:35:23,003 [ERROR] ConditionMgr:805 - Attr not supported : Dmpu
2025-01-22 14:35:23,003 [ERROR] ConditionMgr:805 - Attr not supported : Dmpu
2025-01-22 14:35:23,003 [ERROR] ConditionMgr:805 - Attr not supported : Dmpu
2025-01-22 14:35:23,003 [ERROR] ConditionMgr:805 - Attr not supported : Dmpu
2025-01-22 14:35:23,003 [ERROR] ConditionMgr:805 - Attr not supported : Dmpu
2025-01-22 14:35:23,003 [ERROR] ConditionMgr:805 - Attr not supported : Dmpu
2025-01-22 14:35:23,003 [ERROR] ConditionMgr:805 - Attr not supported : Dmpu
2025-01-22 14:35:23,003 [ERROR] ConditionMgr:805 - Attr not supported : Dmpu
2025-01-22 14:35:23,003 [ERROR] ConditionMgr:805 - Attr not supported : Dmpu
2025-01-22 14:35:23,003 [ERROR] ConditionMgr:805 - Attr not supported : Dmpu
2025-01-22 14:35:23,003 [ERROR] ConditionMgr:805 - Attr not supported : Dmpu
2025-01-22 14:35:23,003 [ERROR] ConditionMgr:805 - Attr not supported : Dmpu
2025-01-22 14:35:23,003 [ERROR] ConditionMgr:805 - Attr not supported : Dmpu
2025-01-22 14:35:23,004 [ERROR] ConditionMgr:805 - Attr not supported : Dmpu
2025-01-22 14:35:23,004 [ERROR] ConditionMgr:805 - Attr not supported : Dmpu
2025-01-22 14:35:23,021 [ERROR] Engine:466 - C:\Users\User\.stm32cubemx\thirdparties\pdsc\STMicroelectronics.X-CUBE-TCPP.4.2.0.pdsc: PDSC version is not supported
2025-01-22 14:35:23,037 [WARN] PackLoader:240 - Cannot read IP mode file for RealThread.X-CUBE-RT-Thread_Nano.4.1.1
2025-01-22 14:35:23,055 [WARN] PackLoader:240 - Cannot read IP mode file for STMicroelectronics.FP-ATR-SIGFOX1.3.2.0
2025-01-22 14:35:23,073 [WARN] PackLoader:240 - Cannot read IP mode file for wolfSSL.I-CUBE-wolfSSL.5.7.2
2025-01-22 14:35:23,095 [WARN] ConditionMgr:438 - getConditionDescription Invalid condition id : Cortex-A Device cause : null
2025-01-22 14:35:23,131 [WARN] ConditionMgr:1039 - genDependencies : Invalid condition id : Cortex-A Device cause : null
2025-01-22 14:35:23,131 [WARN] ConditionMgr:1039 - genDependencies : Invalid condition id : Cortex-A Device cause : null
2025-01-22 14:35:23,131 [WARN] ConditionMgr:1039 - genDependencies : Invalid condition id : Cortex-A Device cause : null
2025-01-22 14:35:23,155 [WARN] PackLoader:240 - Cannot read IP mode file for STMicroelectronics.X-CUBE-EEPRMA1.5.1.0
2025-01-22 14:35:23,176 [WARN] PackLoader:240 - Cannot read IP mode file for ITTIA_DB.I-CUBE-ITTIADB.8.9.0
2025-01-22 14:35:23,226 [WARN] PackLoader:240 - Cannot read IP mode file for SEGGER.I-CUBE-embOS.1.3.1
2025-01-22 14:35:23,287 [WARN] PackLoader:240 - Cannot read IP mode file for STMicroelectronics.X-CUBE-ALGOBUILD.1.4.0
2025-01-22 14:35:23,312 [WARN] PackLoader:240 - Cannot read IP mode file for STMicroelectronics.X-CUBE-AI.9.1.0
2025-01-22 14:35:23,354 [WARN] PackLoader:240 - Cannot read IP mode file for STMicroelectronics.X-CUBE-AZRTOS-F4.1.1.0
2025-01-22 14:35:23,380 [WARN] PackLoader:240 - Cannot read IP mode file for STMicroelectronics.X-CUBE-ISPU.2.1.0
2025-01-22 14:35:23,406 [WARN] PackLoader:240 - Cannot read IP mode file for STMicroelectronics.X-CUBE-FREERTOS.1.2.0
2025-01-22 14:35:23,445 [WARN] PackLoader:240 - Cannot read IP mode file for STMicroelectronics.X-CUBE-AZRTOS-L5.2.0.0
2025-01-22 14:35:23,468 [WARN] PackLoader:240 - Cannot read IP mode file for STMicroelectronics.X-CUBE-NFC6.3.1.0
2025-01-22 14:35:23,486 [WARN] PackLoader:240 - Cannot read IP mode file for STMicroelectronics.X-CUBE-DPower.1.2.0
2025-01-22 14:35:23,499 [WARN] PackLoader:240 - Cannot read IP mode file for STMicroelectronics.X-CUBE-FREERTOS.1.3.0
2025-01-22 14:35:23,517 [WARN] PackLoader:240 - Cannot read IP mode file for STMicroelectronics.X-CUBE-NFC7.1.0.1
2025-01-22 14:35:23,543 [WARN] ConditionMgr:438 - getConditionDescription Invalid condition id : LAN8742 Phy interface Condition cause : null
2025-01-22 14:35:23,544 [WARN] PackLoader:240 - Cannot read IP mode file for STMicroelectronics.X-CUBE-AZRTOS-L4.2.0.0
2025-01-22 14:35:23,545 [WARN] ConditionMgr:1039 - genDependencies : Invalid condition id : LAN8742 Phy interface Condition cause : null
2025-01-22 14:35:23,545 [WARN] ConditionMgr:1039 - genDependencies : Invalid condition id : LAN8742 Phy interface Condition cause : null
2025-01-22 14:35:23,545 [WARN] ConditionMgr:1039 - genDependencies : Invalid condition id : LAN8742 Phy interface Condition cause : null
2025-01-22 14:35:23,562 [WARN] PackLoader:240 - Cannot read IP mode file for STMicroelectronics.X-CUBE-SFXS2LP1.4.0.0
2025-01-22 14:35:23,593 [WARN] PackLoader:240 - Cannot read IP mode file for STMicroelectronics.X-CUBE-AZRTOS-H7.3.3.0
2025-01-22 14:35:23,622 [WARN] PackLoader:240 - Cannot read IP mode file for STMicroelectronics.X-CUBE-IPS.3.0.0
2025-01-22 14:35:23,653 [WARN] ConditionMgr:438 - getConditionDescription Invalid condition id : UX DEVICE CLASS RTOS Condition cause : null
2025-01-22 14:35:23,653 [WARN] ConditionMgr:438 - getConditionDescription Invalid condition id : UX DEVICE CLASS RTOS Condition cause : null
2025-01-22 14:35:23,655 [WARN] PackLoader:240 - Cannot read IP mode file for STMicroelectronics.X-CUBE-AZRTOS-WB.2.0.0
2025-01-22 14:35:23,655 [WARN] ConditionMgr:1039 - genDependencies : Invalid condition id : UX DEVICE CLASS RTOS Condition cause : null
2025-01-22 14:35:23,655 [WARN] ConditionMgr:1039 - genDependencies : Invalid condition id : UX DEVICE CLASS RTOS Condition cause : null
2025-01-22 14:35:23,656 [WARN] ConditionMgr:1039 - genDependencies : Invalid condition id : UX DEVICE CLASS RTOS Condition cause : null
2025-01-22 14:35:23,656 [WARN] ConditionMgr:1039 - genDependencies : Invalid condition id : UX DEVICE CLASS RTOS Condition cause : null
2025-01-22 14:35:23,656 [WARN] ConditionMgr:1039 - genDependencies : Invalid condition id : UX DEVICE CLASS RTOS Condition cause : null
2025-01-22 14:35:23,676 [WARN] PackLoader:240 - Cannot read IP mode file for STMicroelectronics.X-CUBE-GNSS1.7.0.0
2025-01-22 14:35:23,693 [WARN] PackLoader:240 - Cannot read IP mode file for STMicroelectronics.X-CUBE-GNSS1.7.0.1
2025-01-22 14:35:23,714 [WARN] PackLoader:240 - Cannot read IP mode file for STMicroelectronics.FP-SNS-STBOX1.2.0.0
2025-01-22 14:35:23,740 [WARN] PackLoader:240 - Cannot read IP mode file for STMicroelectronics.X-CUBE-SUBG2.5.0.0
2025-01-22 14:35:23,759 [WARN] PackLoader:240 - Cannot read IP mode file for Cesanta.I-CUBE-Mongoose.7.13.0
2025-01-22 14:35:23,783 [WARN] PackLoader:240 - Cannot read IP mode file for STMicroelectronics.X-CUBE-AZRTOS-G4.2.0.0
2025-01-22 14:35:23,801 [ERROR] Engine:466 - C:\Users\User\.stm32cubemx\thirdparties\pdsc\STMicroelectronics.X-CUBE-IPS.3.1.0.pdsc: PDSC version is not supported
2025-01-22 14:35:23,823 [WARN] PackLoader:240 - Cannot read IP mode file for STMicroelectronics.X-CUBE-ALS.1.0.2
2025-01-22 14:35:23,845 [WARN] PackLoader:240 - Cannot read IP mode file for STMicroelectronics.X-CUBE-TOUCHGFX.4.24.2
2025-01-22 14:35:23,862 [WARN] PackLoader:240 - Cannot read IP mode file for STMicroelectronics.X-CUBE-TOUCHGFX.4.24.1
2025-01-22 14:35:23,885 [WARN] PackLoader:240 - Cannot read IP mode file for wolfSSL.I-CUBE-wolfTPM.3.4.0
2025-01-22 14:35:23,905 [WARN] PackLoader:240 - Cannot read IP mode file for portGmbH.I-Cube-SoM-uGOAL.1.1.0
2025-01-22 14:35:23,936 [WARN] PackLoader:240 - Cannot read IP mode file for STMicroelectronics.X-CUBE-AZRTOS-H7RS.1.0.0
2025-01-22 14:35:23,954 [WARN] PackLoader:240 - Cannot read IP mode file for STMicroelectronics.FP-ATR-ASTRA1.2.0.0
2025-01-22 14:35:23,981 [WARN] PackLoader:240 - Cannot read IP mode file for STMicroelectronics.X-CUBE-TOF1.3.4.2
2025-01-22 14:35:24,021 [WARN] PackLoader:240 - Cannot read IP mode file for Infineon.AIROC-Wi-Fi-Bluetooth-STM32.1.6.1
2025-01-22 14:35:24,040 [WARN] PackLoader:240 - Cannot read IP mode file for wolfSSL.I-CUBE-wolfSSH.1.4.17
2025-01-22 14:35:24,041 [INFO] ThirdParty:978 - Integrity check success = true
2025-01-22 14:35:24,041 [INFO] IntegrityCheckThread:100 - exiting critical section [integrity check]
2025-01-22 14:35:24,041 [INFO] IntegrityCheckThread:103 - End integrity checks thread
2025-01-22 20:21:04,557 [ERROR] LogOutputStream:75 - [STDERR_REDIRECT] 
2025-01-22 21:21:06,177 [INFO] Activator:176 - 


2025-01-22 21:21:06,179 [INFO] Activator:177 - !SESSION log4j initialized
2025-01-22 21:21:24,802 [INFO] LogOutputStream:77 - [STDOUT_REDIRECT] 
2025-01-22 21:21:26,748 [INFO] ApplicationProperties:184 - Using Application install path: C:\ST\STM32CubeIDE_1.16.1\STM32CubeIDE\plugins\com.st.stm32cube.common.mx_6.12.1.202409122256
2025-01-22 21:21:26,762 [INFO] DbMcusXml:78 - Set database path to: C:\ST\STM32CubeIDE_1.16.1\STM32CubeIDE\plugins\com.st.stm32cube.common.mx_6.12.1.202409122256\\db\/mcu/
2025-01-22 21:21:26,763 [INFO] ApiDb:274 - Set plugin database path to: C:\ST\STM32CubeIDE_1.16.1\STM32CubeIDE\plugins\com.st.stm32cube.common.mx_6.12.1.202409122256\\db\/plugins/boardmanager/
2025-01-22 21:21:26,763 [WARN] ApiDb:259 - Overriding images path with different value:  => C:\ST\STM32CubeIDE_1.16.1\STM32CubeIDE\plugins\com.st.stm32cube.common.mx_6.12.1.202409122256\\db\/plugins/mcufinder/images/
2025-01-22 21:21:26,768 [INFO] ApiDb:250 - Set database path to: C:\Users\User\.stmcufinder\plugins\mcufinder//mcu/
2025-01-22 21:21:26,769 [INFO] DbMcusAds:125 - Set database path to: C:\Users\User\.stmcufinder\plugins\mcufinder//mcu/
2025-01-22 21:21:26,771 [INFO] CrossReferenceDbSqlite:203 - Set database path to: C:\Users\User\.stmcufinder\plugins\mcufinder//mcu/cs/
2025-01-22 21:21:26,880 [INFO] RulesReader:64 - Compatibility file has been processed (297 Rules)
2025-01-22 21:21:26,963 [INFO] DbMcusXml:78 - Set database path to: C:\ST\STM32CubeIDE_1.16.1\STM32CubeIDE\plugins\com.st.stm32cube.common.mx_6.12.1.202409122256\\db\/mcu/
2025-01-22 21:21:26,963 [INFO] ApiDb:274 - Set plugin database path to: C:\ST\STM32CubeIDE_1.16.1\STM32CubeIDE\plugins\com.st.stm32cube.common.mx_6.12.1.202409122256\\db\/plugins/boardmanager/
2025-01-22 21:21:26,964 [INFO] ApiDb:261 - Set plugin images path to: C:\ST\STM32CubeIDE_1.16.1\STM32CubeIDE\plugins\com.st.stm32cube.common.mx_6.12.1.202409122256\\db\/plugins/mcufinder/images/
2025-01-22 21:21:26,964 [WARN] DbFile:41 - Overriding database path with different value: C:\Users\User\.stmcufinder\plugins\mcufinder/ => C:\Users\User\.stmcufinder\plugins\mcufinder
2025-01-22 21:21:26,964 [INFO] ApiDb:250 - Set database path to: C:\Users\User\.stmcufinder\plugins\mcufinder//mcu/
2025-01-22 21:21:26,964 [WARN] DbFile:41 - Overriding database path with different value: C:\Users\User\.stmcufinder\plugins\mcufinder/ => C:\Users\User\.stmcufinder\plugins\mcufinder
2025-01-22 21:21:26,964 [INFO] DbMcusAds:125 - Set database path to: C:\Users\User\.stmcufinder\plugins\mcufinder//mcu/
2025-01-22 21:21:26,964 [WARN] DbFile:41 - Overriding database path with different value: C:\Users\User\.stmcufinder\plugins\mcufinder/ => C:\Users\User\.stmcufinder\plugins\mcufinder
2025-01-22 21:21:26,964 [WARN] DbFile:41 - Overriding database path with different value: C:\Users\User\.stmcufinder\plugins\mcufinder/ => C:\Users\User\.stmcufinder\plugins\mcufinder
2025-01-22 21:21:26,964 [INFO] CrossReferenceDbSqlite:203 - Set database path to: C:\Users\User\.stmcufinder\plugins\mcufinder//mcu/cs/
2025-01-22 21:21:27,033 [INFO] MainPanel:268 - HeapMemory: 268435456
2025-01-22 21:21:27,093 [INFO] DbMcusXml:78 - Set database path to: C:\ST\STM32CubeIDE_1.16.1\STM32CubeIDE\plugins\com.st.stm32cube.common.mx_6.12.1.202409122256\\db\/mcu/
2025-01-22 21:21:27,093 [INFO] ApiDb:274 - Set plugin database path to: C:\ST\STM32CubeIDE_1.16.1\STM32CubeIDE\plugins\com.st.stm32cube.common.mx_6.12.1.202409122256\\db\/plugins/boardmanager/
2025-01-22 21:21:27,093 [INFO] ApiDb:261 - Set plugin images path to: C:\ST\STM32CubeIDE_1.16.1\STM32CubeIDE\plugins\com.st.stm32cube.common.mx_6.12.1.202409122256\\db\/plugins/mcufinder/images/
2025-01-22 21:21:27,093 [WARN] DbFile:41 - Overriding database path with different value: C:\Users\User\.stmcufinder\plugins\mcufinder/ => C:\Users\User\.stmcufinder\plugins\mcufinder
2025-01-22 21:21:27,093 [INFO] ApiDb:250 - Set database path to: C:\Users\User\.stmcufinder\plugins\mcufinder//mcu/
2025-01-22 21:21:27,093 [WARN] DbFile:41 - Overriding database path with different value: C:\Users\User\.stmcufinder\plugins\mcufinder/ => C:\Users\User\.stmcufinder\plugins\mcufinder
2025-01-22 21:21:27,094 [INFO] DbMcusAds:125 - Set database path to: C:\Users\User\.stmcufinder\plugins\mcufinder//mcu/
2025-01-22 21:21:27,094 [WARN] DbFile:41 - Overriding database path with different value: C:\Users\User\.stmcufinder\plugins\mcufinder/ => C:\Users\User\.stmcufinder\plugins\mcufinder
2025-01-22 21:21:27,094 [WARN] DbFile:41 - Overriding database path with different value: C:\Users\User\.stmcufinder\plugins\mcufinder/ => C:\Users\User\.stmcufinder\plugins\mcufinder
2025-01-22 21:21:27,094 [INFO] CrossReferenceDbSqlite:203 - Set database path to: C:\Users\User\.stmcufinder\plugins\mcufinder//mcu/cs/
2025-01-22 21:21:27,108 [INFO] ApplicationProperties:184 - Using Application install path: C:\ST\STM32CubeIDE_1.16.1\STM32CubeIDE\plugins\com.st.stm32cube.common.mx_6.12.1.202409122256
2025-01-22 21:21:27,110 [INFO] PluginManage:196 - Search for loadable plugins [exclusion list=, ]
2025-01-22 21:21:27,111 [INFO] PluginManage:310 - Check plugin analytics
2025-01-22 21:21:27,291 [INFO] AnalyticsPlugin:253 - Accepted Software Licenses: 
2025-01-22 21:21:27,292 [INFO] AnalyticsPlugin:255 - Accepted CMSIS Pack Licenses: 
2025-01-22 21:21:27,292 [INFO] AnalyticsPlugin:257 - Accepted Firmware Licenses: FW.L4.1.18.0,FW.G0.1.6.0
2025-01-22 21:21:27,296 [INFO] PluginManage:359 - Loaded plugin analytics (category:tool,tabindex:-1)
2025-01-22 21:21:27,296 [INFO] PluginManage:310 - Check plugin cadmodel
2025-01-22 21:21:27,321 [INFO] CADModel:105 - Init CAD model plugin
2025-01-22 21:21:27,322 [INFO] PluginManage:359 - Loaded plugin cadmodel (category:power,tabindex:5)
2025-01-22 21:21:27,322 [INFO] PluginManage:310 - Check plugin clock
2025-01-22 21:21:27,349 [INFO] PluginManage:359 - Loaded plugin clock (category:base,tabindex:2)
2025-01-22 21:21:27,350 [INFO] PluginManage:310 - Check plugin ddr
2025-01-22 21:21:27,352 [INFO] PluginManage:359 - Loaded plugin ddr (category:tool,tabindex:6)
2025-01-22 21:21:27,352 [INFO] PluginManage:310 - Check plugin filemanager
2025-01-22 21:21:27,538 [INFO] PluginManage:359 - Loaded plugin filemanager (category:base,tabindex:10)
2025-01-22 21:21:27,539 [INFO] PluginManage:310 - Check plugin ipmanager
2025-01-22 21:21:27,546 [INFO] PluginManage:359 - Loaded plugin ipmanager (category:base,tabindex:5)
2025-01-22 21:21:27,547 [INFO] PluginManage:310 - Check plugin lpbam
2025-01-22 21:21:27,567 [INFO] PluginManage:359 - Loaded plugin lpbam (category:base,tabindex:0)
2025-01-22 21:21:27,567 [INFO] PluginManage:310 - Check plugin memorymap
2025-01-22 21:21:27,588 [INFO] PluginManage:359 - Loaded plugin memorymap (category:base,tabindex:4)
2025-01-22 21:21:27,588 [INFO] PluginManage:310 - Check plugin pinoutandconfiguration
2025-01-22 21:21:27,606 [INFO] PluginManage:359 - Loaded plugin pinoutandconfiguration (category:base,tabindex:1)
2025-01-22 21:21:27,606 [INFO] PluginManage:310 - Check plugin pinoutconfig
2025-01-22 21:21:27,698 [WARN] SupportedApi:132 - Cannot load RTOS API schema: s4s-elt-must-match.1: The content of 'definitions' must match (annotation?, (simpleType | complexType)?, (unique | key | keyref)*)). A problem was found starting at: attribute.
2025-01-22 21:21:27,807 [INFO] PluginManage:359 - Loaded plugin pinoutconfig (category:base,tabindex:0)
2025-01-22 21:21:27,807 [INFO] PluginManage:310 - Check plugin power
2025-01-22 21:21:27,826 [INFO] PluginManage:359 - Loaded plugin power (category:power,tabindex:4)
2025-01-22 21:21:27,826 [INFO] PluginManage:310 - Check plugin projectmanager
2025-01-22 21:21:27,841 [INFO] PluginManage:359 - Loaded plugin projectmanager (category:projectmanager,tabindex:4)
2025-01-22 21:21:27,841 [INFO] PluginManage:310 - Check plugin rif
2025-01-22 21:21:27,862 [INFO] PluginManage:359 - Loaded plugin rif (category:base,tabindex:3)
2025-01-22 21:21:27,862 [INFO] PluginManage:310 - Check plugin thirdparty
2025-01-22 21:21:28,166 [INFO] PluginManage:359 - Loaded plugin thirdparty (category:base,tabindex:-1)
2025-01-22 21:21:28,166 [WARN] IntegrityCheckThread:84 - waiting for thirdparty lock release [integrity check]
2025-01-22 21:21:28,166 [INFO] PluginManage:310 - Check plugin tools
2025-01-22 21:21:28,166 [INFO] IntegrityCheckThread:86 - entering critical section [integrity check]
2025-01-22 21:21:28,167 [INFO] ThirdPartyUpdaterWithRetryManager:70 - Updater plugin not ready yet. [1/15]
2025-01-22 21:21:28,209 [INFO] PluginManage:359 - Loaded plugin tools (category:base,tabindex:7)
2025-01-22 21:21:28,210 [INFO] PluginManage:310 - Check plugin tutovideos
2025-01-22 21:21:28,374 [INFO] PluginManage:359 - Loaded plugin tutovideos (category:base,tabindex:-1)
2025-01-22 21:21:28,375 [INFO] PluginManage:310 - Check plugin updater
2025-01-22 21:21:28,388 [INFO] PluginManage:359 - Loaded plugin updater (category:base,tabindex:12)
2025-01-22 21:21:28,389 [INFO] PluginManage:310 - Check plugin userauth
2025-01-22 21:21:28,393 [INFO] UserAuth:113 - Init User Auth plugin
2025-01-22 21:21:28,393 [INFO] PluginManage:359 - Loaded plugin userauth (category:base,tabindex:14)
2025-01-22 21:21:28,394 [INFO] PluginManage:283 - PluginManage : Loaded plugins [18]
2025-01-22 21:21:28,571 [INFO] PinOutPanel:1561 - setPackage(No Configuration,No Configuration)
2025-01-22 21:21:28,653 [INFO] CADModel:165 - CPN selected for project level
2025-01-22 21:21:28,654 [INFO] CADModel:114 - Register for checkConnection events
2025-01-22 21:21:28,679 [INFO] IPUIPlugin:80 - create IPUIPlugin
2025-01-22 21:21:28,679 [INFO] PluginManager:220 - loadIPPluginJar : add adc
2025-01-22 21:21:28,720 [INFO] IPUIPlugin:80 - create IPUIPlugin
2025-01-22 21:21:28,720 [INFO] PluginManager:220 - loadIPPluginJar : add aes
2025-01-22 21:21:28,772 [INFO] IPUIPlugin:80 - create IPUIPlugin
2025-01-22 21:21:28,773 [INFO] PluginManager:220 - loadIPPluginJar : add can
2025-01-22 21:21:28,807 [INFO] IPUIPlugin:80 - create IPUIPlugin
2025-01-22 21:21:28,807 [INFO] PluginManager:220 - loadIPPluginJar : add comp
2025-01-22 21:21:28,845 [INFO] IPUIPlugin:80 - create IPUIPlugin
2025-01-22 21:21:28,845 [INFO] PluginManager:220 - loadIPPluginJar : add cryp
2025-01-22 21:21:28,858 [INFO] IPUIPlugin:80 - create IPUIPlugin
2025-01-22 21:21:28,858 [INFO] PluginManager:220 - loadIPPluginJar : add ddr_ctrl_phy
2025-01-22 21:21:28,891 [INFO] IPUIPlugin:80 - create IPUIPlugin
2025-01-22 21:21:28,891 [INFO] PluginManager:220 - loadIPPluginJar : add dfsdm
2025-01-22 21:21:28,907 [INFO] IPUIPlugin:80 - create IPUIPlugin
2025-01-22 21:21:28,907 [INFO] PluginManager:220 - loadIPPluginJar : add dma
2025-01-22 21:21:28,964 [INFO] IPUIPlugin:80 - create IPUIPlugin
2025-01-22 21:21:28,964 [INFO] PluginManager:220 - loadIPPluginJar : add dma3
2025-01-22 21:21:29,020 [INFO] IPUIPlugin:80 - create IPUIPlugin
2025-01-22 21:21:29,020 [INFO] PluginManager:220 - loadIPPluginJar : add extmemmanager
2025-01-22 21:21:29,045 [INFO] IPUIPlugin:80 - create IPUIPlugin
2025-01-22 21:21:29,045 [INFO] PluginManager:220 - loadIPPluginJar : add fatfs
2025-01-22 21:21:29,095 [INFO] IPUIPlugin:80 - create IPUIPlugin
2025-01-22 21:21:29,095 [INFO] PluginManager:220 - loadIPPluginJar : add fmc
2025-01-22 21:21:29,116 [INFO] IPUIPlugin:80 - create IPUIPlugin
2025-01-22 21:21:29,116 [INFO] PluginManager:220 - loadIPPluginJar : add freertos
2025-01-22 21:21:29,140 [INFO] IPUIPlugin:80 - create IPUIPlugin
2025-01-22 21:21:29,140 [INFO] PluginManager:220 - loadIPPluginJar : add genericplugin
2025-01-22 21:21:29,244 [INFO] IPUIPlugin:80 - create IPUIPlugin
2025-01-22 21:21:29,244 [INFO] PluginManager:220 - loadIPPluginJar : add gfxmmu
2025-01-22 21:21:29,384 [INFO] IPUIPlugin:80 - create IPUIPlugin
2025-01-22 21:21:29,384 [INFO] PluginManager:220 - loadIPPluginJar : add gic
2025-01-22 21:21:29,402 [INFO] IPUIPlugin:80 - create IPUIPlugin
2025-01-22 21:21:29,402 [INFO] PluginManager:220 - loadIPPluginJar : add gpio
2025-01-22 21:21:29,496 [INFO] IPUIPlugin:80 - create IPUIPlugin
2025-01-22 21:21:29,496 [INFO] PluginManager:220 - loadIPPluginJar : add gtzc
2025-01-22 21:21:29,530 [INFO] IPUIPlugin:80 - create IPUIPlugin
2025-01-22 21:21:29,530 [INFO] PluginManager:220 - loadIPPluginJar : add hash
2025-01-22 21:21:29,591 [INFO] IPUIPlugin:80 - create IPUIPlugin
2025-01-22 21:21:29,591 [INFO] PluginManager:220 - loadIPPluginJar : add i2c
2025-01-22 21:21:29,633 [INFO] IPUIPlugin:80 - create IPUIPlugin
2025-01-22 21:21:29,634 [INFO] PluginManager:220 - loadIPPluginJar : add i2s
2025-01-22 21:21:29,680 [INFO] IPUIPlugin:80 - create IPUIPlugin
2025-01-22 21:21:29,680 [INFO] PluginManager:220 - loadIPPluginJar : add i3c
2025-01-22 21:21:29,796 [INFO] IPUIPlugin:80 - create IPUIPlugin
2025-01-22 21:21:29,796 [INFO] PluginManager:220 - loadIPPluginJar : add ipddr
2025-01-22 21:21:29,900 [INFO] IPUIPlugin:80 - create IPUIPlugin
2025-01-22 21:21:29,900 [INFO] PluginManager:220 - loadIPPluginJar : add linkedlist
2025-01-22 21:21:29,944 [INFO] IPUIPlugin:80 - create IPUIPlugin
2025-01-22 21:21:29,944 [INFO] PluginManager:220 - loadIPPluginJar : add lorawan
2025-01-22 21:21:29,981 [INFO] IPUIPlugin:80 - create IPUIPlugin
2025-01-22 21:21:29,982 [INFO] PluginManager:220 - loadIPPluginJar : add ltdc
2025-01-22 21:21:29,996 [INFO] IPUIPlugin:80 - create IPUIPlugin
2025-01-22 21:21:29,996 [INFO] PluginManager:220 - loadIPPluginJar : add mdma
2025-01-22 21:21:30,009 [INFO] IPUIPlugin:80 - create IPUIPlugin
2025-01-22 21:21:30,009 [INFO] PluginManager:220 - loadIPPluginJar : add nvic
2025-01-22 21:21:30,048 [INFO] IPUIPlugin:80 - create IPUIPlugin
2025-01-22 21:21:30,049 [INFO] PluginManager:220 - loadIPPluginJar : add opamp
2025-01-22 21:21:30,110 [INFO] IPUIPlugin:80 - create IPUIPlugin
2025-01-22 21:21:30,110 [INFO] PluginManager:220 - loadIPPluginJar : add openamp
2025-01-22 21:21:30,158 [INFO] IPUIPlugin:80 - create IPUIPlugin
2025-01-22 21:21:30,158 [INFO] PluginManager:220 - loadIPPluginJar : add pdm2pcm
2025-01-22 21:21:30,173 [INFO] IPUIPlugin:80 - create IPUIPlugin
2025-01-22 21:21:30,175 [INFO] PluginManager:220 - loadIPPluginJar : add plateformsettings
2025-01-22 21:21:30,200 [INFO] IPUIPlugin:80 - create IPUIPlugin
2025-01-22 21:21:30,200 [INFO] PluginManager:220 - loadIPPluginJar : add quadspi
2025-01-22 21:21:30,228 [INFO] IPUIPlugin:80 - create IPUIPlugin
2025-01-22 21:21:30,228 [INFO] PluginManager:220 - loadIPPluginJar : add radio
2025-01-22 21:21:30,240 [INFO] IPUIPlugin:80 - create IPUIPlugin
2025-01-22 21:21:30,240 [INFO] PluginManager:220 - loadIPPluginJar : add resmgrutility
2025-01-22 21:21:30,288 [INFO] IPUIPlugin:80 - create IPUIPlugin
2025-01-22 21:21:30,289 [INFO] PluginManager:220 - loadIPPluginJar : add sai
2025-01-22 21:21:30,328 [INFO] IPUIPlugin:80 - create IPUIPlugin
2025-01-22 21:21:30,328 [INFO] PluginManager:220 - loadIPPluginJar : add spi
2025-01-22 21:21:30,399 [INFO] IPUIPlugin:80 - create IPUIPlugin
2025-01-22 21:21:30,400 [INFO] PluginManager:220 - loadIPPluginJar : add stm32_wpan
2025-01-22 21:21:30,430 [INFO] IPUIPlugin:80 - create IPUIPlugin
2025-01-22 21:21:30,430 [INFO] PluginManager:220 - loadIPPluginJar : add tim
2025-01-22 21:21:30,491 [INFO] IPUIPlugin:80 - create IPUIPlugin
2025-01-22 21:21:30,491 [INFO] PluginManager:220 - loadIPPluginJar : add touchsensing
2025-01-22 21:21:30,516 [INFO] IPUIPlugin:80 - create IPUIPlugin
2025-01-22 21:21:30,516 [INFO] PluginManager:220 - loadIPPluginJar : add tracer_emb
2025-01-22 21:21:30,541 [INFO] IPUIPlugin:80 - create IPUIPlugin
2025-01-22 21:21:30,541 [INFO] PluginManager:220 - loadIPPluginJar : add ts
2025-01-22 21:21:30,565 [INFO] IPUIPlugin:80 - create IPUIPlugin
2025-01-22 21:21:30,565 [INFO] PluginManager:220 - loadIPPluginJar : add tsc
2025-01-22 21:21:30,588 [INFO] IPUIPlugin:80 - create IPUIPlugin
2025-01-22 21:21:30,588 [INFO] PluginManager:220 - loadIPPluginJar : add ucpd
2025-01-22 21:21:30,634 [INFO] IPUIPlugin:80 - create IPUIPlugin
2025-01-22 21:21:30,634 [INFO] PluginManager:220 - loadIPPluginJar : add usart
2025-01-22 21:21:30,676 [INFO] IPUIPlugin:80 - create IPUIPlugin
2025-01-22 21:21:30,676 [INFO] PluginManager:220 - loadIPPluginJar : add usbx
2025-01-22 21:21:30,794 [INFO] CADModel:165 - CPN selected for project level
2025-01-22 21:21:30,794 [INFO] CADModel:114 - Register for checkConnection events
2025-01-22 21:21:30,794 [FATAL] Updater:334 - Updater called before beeing initialized
2025-01-22 21:21:30,794 [ERROR] CADModel:125 - Updater not yet initialized, retry later 
2025-01-22 21:21:30,903 [INFO] CADModel:165 - CPN selected for project level
2025-01-22 21:21:30,904 [INFO] CADModel:114 - Register for checkConnection events
2025-01-22 21:21:30,904 [FATAL] Updater:334 - Updater called before beeing initialized
2025-01-22 21:21:30,904 [ERROR] CADModel:125 - Updater not yet initialized, retry later 
2025-01-22 21:21:30,906 [FATAL] Updater:334 - Updater called before beeing initialized
2025-01-22 21:21:30,999 [FATAL] Updater:334 - Updater called before beeing initialized
2025-01-22 21:21:31,010 [INFO] DbMcusAds:53 - JSON generation date=Tue Dec 17 21:31:15 IST 2024 (1734451275143)
2025-01-22 21:21:31,010 [FATAL] Updater:334 - Updater called before beeing initialized
2025-01-22 21:21:31,037 [WARN] DetailPanel:346 - Failed to get advertising image, set to default
2025-01-22 21:21:31,120 [FATAL] Updater:334 - Updater called before beeing initialized
2025-01-22 21:21:31,122 [FATAL] Updater:334 - Updater called before beeing initialized
2025-01-22 21:21:31,122 [FATAL] Updater:334 - Updater called before beeing initialized
2025-01-22 21:21:31,122 [WARN] DetailPanel:346 - Failed to get advertising image, set to default
2025-01-22 21:21:31,123 [FATAL] Updater:334 - Updater called before beeing initialized
2025-01-22 21:21:31,169 [INFO] ThirdPartyUpdaterWithRetryManager:70 - Updater plugin not ready yet. [2/15]
2025-01-22 21:21:31,202 [ERROR] Updater:1164 - MainUpdater not yet initialized. External WinMGr cannot be set.
2025-01-22 21:21:31,214 [INFO] Updater:1100 - Updater Version found : 6.12.1
2025-01-22 21:21:31,230 [INFO] ApplicationProperties:184 - Using Application install path: C:\ST\STM32CubeIDE_1.16.1\STM32CubeIDE\plugins\com.st.stm32cube.common.mx_6.12.1.202409122256
2025-01-22 21:21:32,806 [ERROR] LogOutputStream:75 - [STDERR_REDIRECT] Jan 22, 2025 9:21:32 PM java.util.prefs.WindowsPreferences <init>
2025-01-22 21:21:32,807 [ERROR] LogOutputStream:75 - [STDERR_REDIRECT] WARNING: Could not open/create prefs root node Software\JavaSoft\Prefs at root 0xffffffff80000002. Windows RegCreateKeyEx(...) returned error code 5.
2025-01-22 21:21:32,807 [ERROR] LogOutputStream:75 - [STDERR_REDIRECT] 
2025-01-22 21:21:33,258 [INFO] MainUpdater:2873 - connection check result : 10
2025-01-22 21:21:33,258 [INFO] MainUpdater:290 - Updater Check For Update Now.
2025-01-22 21:21:33,258 [INFO] MicroXplorer:498 - Change Database Version : DB.6.0.121
2025-01-22 21:21:33,281 [INFO] McuFinderGlobals:63 - Set McuFinder mode to 2 (CubeIDE integrated)
2025-01-22 21:21:33,290 [INFO] UserAuth:417 - Internet connection configuration mode: 1
2025-01-22 21:21:33,342 [INFO] JxBrowserEngine:152 - Initiate JxBrowser Engine with user profile folder
2025-01-22 21:21:33,509 [INFO] CheckServerUpdateThread:120 - End of CheckServer Thread
2025-01-22 21:21:34,352 [WARN] PackLoader:240 - Cannot read IP mode file for STMicroelectronics.FP-SNS-MOTENVWB1.1.4.0
2025-01-22 21:21:34,370 [WARN] PackLoader:240 - Cannot read IP mode file for STMicroelectronics.FP-ATR-ASTRA1.2.0.1
2025-01-22 21:21:34,387 [WARN] PackLoader:240 - Cannot read IP mode file for STMicroelectronics.X-CUBE-SMBUS.2.1.0
2025-01-22 21:21:34,404 [WARN] PackLoader:240 - Cannot read IP mode file for STMicroelectronics.X-CUBE-WB05N.1.1.0
2025-01-22 21:21:34,443 [WARN] PackLoader:240 - Cannot read IP mode file for STMicroelectronics.X-CUBE-AZRTOS-F7.1.1.0
2025-01-22 21:21:34,510 [WARN] PackLoader:240 - Cannot read IP mode file for STMicroelectronics.X-CUBE-MEMS1.11.0.0
2025-01-22 21:21:34,683 [WARN] PackLoader:240 - Cannot read IP mode file for STMicroelectronics.FP-SNS-FLIGHT1.5.0.2
2025-01-22 21:21:34,708 [WARN] PackLoader:240 - Cannot read IP mode file for STMicroelectronics.X-CUBE-DISPLAY.3.0.0
2025-01-22 21:21:34,733 [WARN] PackLoader:240 - Cannot read IP mode file for STMicroelectronics.X-CUBE-BLE1.7.0.0
2025-01-22 21:21:34,755 [WARN] PackLoader:240 - Cannot read IP mode file for STMicroelectronics.X-CUBE-NFC10.1.0.0
2025-01-22 21:21:34,780 [WARN] PackLoader:240 - Cannot read IP mode file for STMicroelectronics.X-CUBE-BLEMGR.4.0.0
2025-01-22 21:21:34,801 [WARN] PackLoader:240 - Cannot read IP mode file for emotas.I-CUBE-CANOPEN.1.3.0
2025-01-22 21:21:34,818 [WARN] PackLoader:240 - Cannot read IP mode file for STMicroelectronics.X-CUBE-BLEMGR.3.1.0
2025-01-22 21:21:34,836 [WARN] PackLoader:240 - Cannot read IP mode file for STMicroelectronics.FP-SNS-SMARTAG2.1.2.0
2025-01-22 21:21:34,917 [WARN] PackLoader:240 - Cannot read IP mode file for STMicroelectronics.X-CUBE-MEMS1.11.1.0
2025-01-22 21:21:35,194 [INFO] LogOutputStream:77 - [STDOUT_REDIRECT] 1 : Invalid condition id : UX_CORESTACK_Condition cause : null
2025-01-22 21:21:35,195 [INFO] LogOutputStream:77 - [STDOUT_REDIRECT] 1 : Invalid condition id : UX_CORESTACK_Condition cause : null
2025-01-22 21:21:35,197 [INFO] LogOutputStream:77 - [STDOUT_REDIRECT] 1 : Invalid condition id : UX_CORESTACK_Condition cause : null
2025-01-22 21:21:35,199 [INFO] LogOutputStream:77 - [STDOUT_REDIRECT] 1 : Invalid condition id : UX_CORESTACK_Condition cause : null
2025-01-22 21:21:35,201 [INFO] LogOutputStream:77 - [STDOUT_REDIRECT] 1 : Invalid condition id : UX_CORESTACK_Condition cause : null
2025-01-22 21:21:35,206 [WARN] PackLoader:240 - Cannot read IP mode file for STMicroelectronics.X-CUBE-AZRTOS-WL.2.0.0
2025-01-22 21:21:35,239 [WARN] PackLoader:240 - Cannot read IP mode file for STMicroelectronics.FP-SNS-MOTENV1.5.0.0
2025-01-22 21:21:35,265 [WARN] PackLoader:240 - Cannot read IP mode file for wolfSSL.I-CUBE-wolfMQTT.1.19.0
2025-01-22 21:21:35,297 [WARN] PackLoader:240 - Cannot read IP mode file for WES.I-CUBE-Cesium.1.3.0
2025-01-22 21:21:35,320 [WARN] PackLoader:240 - Cannot read IP mode file for STMicroelectronics.X-CUBE-BLE2.3.3.0
2025-01-22 21:21:35,346 [WARN] PackLoader:240 - Cannot read IP mode file for STMicroelectronics.X-CUBE-NFC9.1.0.0
2025-01-22 21:21:35,378 [WARN] PackLoader:240 - Cannot read IP mode file for STMicroelectronics.X-CUBE-TCPP.4.1.0
2025-01-22 21:21:35,427 [WARN] PackLoader:240 - Cannot read IP mode file for STMicroelectronics.X-CUBE-AZRTOS-G0.1.1.0
2025-01-22 21:21:35,460 [WARN] PackLoader:240 - Cannot read IP mode file for STMicroelectronics.X-CUBE-SAFEA1.1.2.2
2025-01-22 21:21:35,488 [WARN] PackLoader:240 - Cannot read IP mode file for STMicroelectronics.X-CUBE-NFC4.3.0.0
2025-01-22 21:21:35,517 [WARN] PackLoader:240 - Cannot read IP mode file for EmbeddedOffice.I-CUBE-FS-RTOS.1.0.1
2025-01-22 21:21:35,518 [ERROR] ConditionMgr:805 - Attr not supported : Dmpu
2025-01-22 21:21:35,518 [ERROR] ConditionMgr:805 - Attr not supported : Dmpu
2025-01-22 21:21:35,518 [ERROR] ConditionMgr:805 - Attr not supported : Dmpu
2025-01-22 21:21:35,518 [ERROR] ConditionMgr:805 - Attr not supported : Dmpu
2025-01-22 21:21:35,518 [ERROR] ConditionMgr:805 - Attr not supported : Dmpu
2025-01-22 21:21:35,518 [ERROR] ConditionMgr:805 - Attr not supported : Dmpu
2025-01-22 21:21:35,518 [ERROR] ConditionMgr:805 - Attr not supported : Dmpu
2025-01-22 21:21:35,519 [ERROR] ConditionMgr:805 - Attr not supported : Dmpu
2025-01-22 21:21:35,519 [ERROR] ConditionMgr:805 - Attr not supported : Dmpu
2025-01-22 21:21:35,519 [ERROR] ConditionMgr:805 - Attr not supported : Dmpu
2025-01-22 21:21:35,519 [ERROR] ConditionMgr:805 - Attr not supported : Dmpu
2025-01-22 21:21:35,519 [ERROR] ConditionMgr:805 - Attr not supported : Dmpu
2025-01-22 21:21:35,519 [ERROR] ConditionMgr:805 - Attr not supported : Dmpu
2025-01-22 21:21:35,519 [ERROR] ConditionMgr:805 - Attr not supported : Dmpu
2025-01-22 21:21:35,519 [ERROR] ConditionMgr:805 - Attr not supported : Dmpu
2025-01-22 21:21:35,519 [ERROR] ConditionMgr:805 - Attr not supported : Dmpu
2025-01-22 21:21:35,519 [ERROR] ConditionMgr:805 - Attr not supported : Dmpu
2025-01-22 21:21:35,519 [ERROR] ConditionMgr:805 - Attr not supported : Dmpu
2025-01-22 21:21:35,519 [ERROR] ConditionMgr:805 - Attr not supported : Dmpu
2025-01-22 21:21:35,520 [ERROR] ConditionMgr:805 - Attr not supported : Dmpu
2025-01-22 21:21:35,520 [ERROR] ConditionMgr:805 - Attr not supported : Dmpu
2025-01-22 21:21:35,520 [ERROR] ConditionMgr:805 - Attr not supported : Dmpu
2025-01-22 21:21:35,520 [ERROR] ConditionMgr:805 - Attr not supported : Dmpu
2025-01-22 21:21:35,520 [ERROR] ConditionMgr:805 - Attr not supported : Dmpu
2025-01-22 21:21:35,520 [ERROR] ConditionMgr:805 - Attr not supported : Dmpu
2025-01-22 21:21:35,520 [ERROR] ConditionMgr:805 - Attr not supported : Dmpu
2025-01-22 21:21:35,520 [ERROR] ConditionMgr:805 - Attr not supported : Dmpu
2025-01-22 21:21:35,520 [ERROR] ConditionMgr:805 - Attr not supported : Dmpu
2025-01-22 21:21:35,520 [ERROR] ConditionMgr:805 - Attr not supported : Dmpu
2025-01-22 21:21:35,520 [ERROR] ConditionMgr:805 - Attr not supported : Dmpu
2025-01-22 21:21:35,520 [ERROR] ConditionMgr:805 - Attr not supported : Dmpu
2025-01-22 21:21:35,520 [ERROR] ConditionMgr:805 - Attr not supported : Dmpu
2025-01-22 21:21:35,520 [ERROR] ConditionMgr:805 - Attr not supported : Dmpu
2025-01-22 21:21:35,520 [ERROR] ConditionMgr:805 - Attr not supported : Dmpu
2025-01-22 21:21:35,521 [ERROR] ConditionMgr:805 - Attr not supported : Dmpu
2025-01-22 21:21:35,521 [ERROR] ConditionMgr:805 - Attr not supported : Dmpu
2025-01-22 21:21:35,521 [ERROR] ConditionMgr:805 - Attr not supported : Dmpu
2025-01-22 21:21:35,521 [ERROR] ConditionMgr:805 - Attr not supported : Dmpu
2025-01-22 21:21:35,521 [ERROR] ConditionMgr:805 - Attr not supported : Dmpu
2025-01-22 21:21:35,521 [ERROR] ConditionMgr:805 - Attr not supported : Dmpu
2025-01-22 21:21:35,521 [ERROR] ConditionMgr:805 - Attr not supported : Dmpu
2025-01-22 21:21:35,521 [ERROR] ConditionMgr:805 - Attr not supported : Dmpu
2025-01-22 21:21:35,521 [ERROR] ConditionMgr:805 - Attr not supported : Dmpu
2025-01-22 21:21:35,522 [ERROR] ConditionMgr:805 - Attr not supported : Dmpu
2025-01-22 21:21:35,522 [ERROR] ConditionMgr:805 - Attr not supported : Dmpu
2025-01-22 21:21:35,522 [ERROR] ConditionMgr:805 - Attr not supported : Dmpu
2025-01-22 21:21:35,522 [ERROR] ConditionMgr:805 - Attr not supported : Dmpu
2025-01-22 21:21:35,522 [ERROR] ConditionMgr:805 - Attr not supported : Dmpu
2025-01-22 21:21:35,522 [ERROR] ConditionMgr:805 - Attr not supported : Dmpu
2025-01-22 21:21:35,523 [ERROR] ConditionMgr:805 - Attr not supported : Dmpu
2025-01-22 21:21:35,523 [ERROR] ConditionMgr:805 - Attr not supported : Dmpu
2025-01-22 21:21:35,523 [ERROR] ConditionMgr:805 - Attr not supported : Dmpu
2025-01-22 21:21:35,523 [ERROR] ConditionMgr:805 - Attr not supported : Dmpu
2025-01-22 21:21:35,523 [ERROR] ConditionMgr:805 - Attr not supported : Dmpu
2025-01-22 21:21:35,523 [ERROR] ConditionMgr:805 - Attr not supported : Dmpu
2025-01-22 21:21:35,523 [ERROR] ConditionMgr:805 - Attr not supported : Dmpu
2025-01-22 21:21:35,523 [ERROR] ConditionMgr:805 - Attr not supported : Dmpu
2025-01-22 21:21:35,523 [ERROR] ConditionMgr:805 - Attr not supported : Dmpu
2025-01-22 21:21:35,523 [ERROR] ConditionMgr:805 - Attr not supported : Dmpu
2025-01-22 21:21:35,523 [ERROR] ConditionMgr:805 - Attr not supported : Dmpu
2025-01-22 21:21:35,523 [ERROR] ConditionMgr:805 - Attr not supported : Dmpu
2025-01-22 21:21:35,523 [ERROR] ConditionMgr:805 - Attr not supported : Dmpu
2025-01-22 21:21:35,523 [ERROR] ConditionMgr:805 - Attr not supported : Dmpu
2025-01-22 21:21:35,523 [ERROR] ConditionMgr:805 - Attr not supported : Dmpu
2025-01-22 21:21:35,542 [ERROR] Engine:466 - C:\Users\User\.stm32cubemx\thirdparties\pdsc\STMicroelectronics.X-CUBE-TCPP.4.2.0.pdsc: PDSC version is not supported
2025-01-22 21:21:35,559 [WARN] PackLoader:240 - Cannot read IP mode file for RealThread.X-CUBE-RT-Thread_Nano.4.1.1
2025-01-22 21:21:35,575 [WARN] PackLoader:240 - Cannot read IP mode file for STMicroelectronics.FP-ATR-SIGFOX1.3.2.0
2025-01-22 21:21:35,591 [WARN] PackLoader:240 - Cannot read IP mode file for wolfSSL.I-CUBE-wolfSSL.5.7.2
2025-01-22 21:21:35,607 [WARN] ConditionMgr:438 - getConditionDescription Invalid condition id : Cortex-A Device cause : null
2025-01-22 21:21:35,645 [WARN] ConditionMgr:1039 - genDependencies : Invalid condition id : Cortex-A Device cause : null
2025-01-22 21:21:35,645 [WARN] ConditionMgr:1039 - genDependencies : Invalid condition id : Cortex-A Device cause : null
2025-01-22 21:21:35,645 [WARN] ConditionMgr:1039 - genDependencies : Invalid condition id : Cortex-A Device cause : null
2025-01-22 21:21:35,666 [WARN] PackLoader:240 - Cannot read IP mode file for STMicroelectronics.X-CUBE-EEPRMA1.5.1.0
2025-01-22 21:21:35,691 [WARN] PackLoader:240 - Cannot read IP mode file for ITTIA_DB.I-CUBE-ITTIADB.8.9.0
2025-01-22 21:21:35,739 [WARN] PackLoader:240 - Cannot read IP mode file for SEGGER.I-CUBE-embOS.1.3.1
2025-01-22 21:21:35,794 [WARN] PackLoader:240 - Cannot read IP mode file for STMicroelectronics.X-CUBE-ALGOBUILD.1.4.0
2025-01-22 21:21:35,814 [WARN] PackLoader:240 - Cannot read IP mode file for STMicroelectronics.X-CUBE-AI.9.1.0
2025-01-22 21:21:35,861 [WARN] PackLoader:240 - Cannot read IP mode file for STMicroelectronics.X-CUBE-AZRTOS-F4.1.1.0
2025-01-22 21:21:35,891 [WARN] PackLoader:240 - Cannot read IP mode file for STMicroelectronics.X-CUBE-ISPU.2.1.0
2025-01-22 21:21:35,917 [WARN] PackLoader:240 - Cannot read IP mode file for STMicroelectronics.X-CUBE-FREERTOS.1.2.0
2025-01-22 21:21:35,970 [WARN] PackLoader:240 - Cannot read IP mode file for STMicroelectronics.X-CUBE-AZRTOS-L5.2.0.0
2025-01-22 21:21:36,003 [WARN] PackLoader:240 - Cannot read IP mode file for STMicroelectronics.X-CUBE-NFC6.3.1.0
2025-01-22 21:21:36,032 [WARN] PackLoader:240 - Cannot read IP mode file for STMicroelectronics.X-CUBE-DPower.1.2.0
2025-01-22 21:21:36,055 [WARN] PackLoader:240 - Cannot read IP mode file for STMicroelectronics.X-CUBE-FREERTOS.1.3.0
2025-01-22 21:21:36,074 [WARN] PackLoader:240 - Cannot read IP mode file for STMicroelectronics.X-CUBE-NFC7.1.0.1
2025-01-22 21:21:36,108 [WARN] ConditionMgr:438 - getConditionDescription Invalid condition id : LAN8742 Phy interface Condition cause : null
2025-01-22 21:21:36,109 [WARN] PackLoader:240 - Cannot read IP mode file for STMicroelectronics.X-CUBE-AZRTOS-L4.2.0.0
2025-01-22 21:21:36,110 [WARN] ConditionMgr:1039 - genDependencies : Invalid condition id : LAN8742 Phy interface Condition cause : null
2025-01-22 21:21:36,110 [WARN] ConditionMgr:1039 - genDependencies : Invalid condition id : LAN8742 Phy interface Condition cause : null
2025-01-22 21:21:36,110 [WARN] ConditionMgr:1039 - genDependencies : Invalid condition id : LAN8742 Phy interface Condition cause : null
2025-01-22 21:21:36,131 [WARN] PackLoader:240 - Cannot read IP mode file for STMicroelectronics.X-CUBE-SFXS2LP1.4.0.0
2025-01-22 21:21:36,163 [WARN] PackLoader:240 - Cannot read IP mode file for STMicroelectronics.X-CUBE-AZRTOS-H7.3.3.0
2025-01-22 21:21:36,185 [WARN] PackLoader:240 - Cannot read IP mode file for STMicroelectronics.X-CUBE-IPS.3.0.0
2025-01-22 21:21:36,211 [WARN] ConditionMgr:438 - getConditionDescription Invalid condition id : UX DEVICE CLASS RTOS Condition cause : null
2025-01-22 21:21:36,212 [WARN] ConditionMgr:438 - getConditionDescription Invalid condition id : UX DEVICE CLASS RTOS Condition cause : null
2025-01-22 21:21:36,213 [WARN] PackLoader:240 - Cannot read IP mode file for STMicroelectronics.X-CUBE-AZRTOS-WB.2.0.0
2025-01-22 21:21:36,214 [WARN] ConditionMgr:1039 - genDependencies : Invalid condition id : UX DEVICE CLASS RTOS Condition cause : null
2025-01-22 21:21:36,214 [WARN] ConditionMgr:1039 - genDependencies : Invalid condition id : UX DEVICE CLASS RTOS Condition cause : null
2025-01-22 21:21:36,214 [WARN] ConditionMgr:1039 - genDependencies : Invalid condition id : UX DEVICE CLASS RTOS Condition cause : null
2025-01-22 21:21:36,214 [WARN] ConditionMgr:1039 - genDependencies : Invalid condition id : UX DEVICE CLASS RTOS Condition cause : null
2025-01-22 21:21:36,214 [WARN] ConditionMgr:1039 - genDependencies : Invalid condition id : UX DEVICE CLASS RTOS Condition cause : null
2025-01-22 21:21:36,233 [WARN] PackLoader:240 - Cannot read IP mode file for STMicroelectronics.X-CUBE-GNSS1.7.0.0
2025-01-22 21:21:36,255 [WARN] PackLoader:240 - Cannot read IP mode file for STMicroelectronics.X-CUBE-GNSS1.7.0.1
2025-01-22 21:21:36,282 [WARN] PackLoader:240 - Cannot read IP mode file for STMicroelectronics.FP-SNS-STBOX1.2.0.0
2025-01-22 21:21:36,313 [WARN] PackLoader:240 - Cannot read IP mode file for STMicroelectronics.X-CUBE-SUBG2.5.0.0
2025-01-22 21:21:36,344 [WARN] PackLoader:240 - Cannot read IP mode file for Cesanta.I-CUBE-Mongoose.7.13.0
2025-01-22 21:21:36,379 [WARN] PackLoader:240 - Cannot read IP mode file for STMicroelectronics.X-CUBE-AZRTOS-G4.2.0.0
2025-01-22 21:21:36,404 [ERROR] Engine:466 - C:\Users\User\.stm32cubemx\thirdparties\pdsc\STMicroelectronics.X-CUBE-IPS.3.1.0.pdsc: PDSC version is not supported
2025-01-22 21:21:36,421 [WARN] PackLoader:240 - Cannot read IP mode file for STMicroelectronics.X-CUBE-ALS.1.0.2
2025-01-22 21:21:36,444 [WARN] PackLoader:240 - Cannot read IP mode file for STMicroelectronics.X-CUBE-TOUCHGFX.4.24.2
2025-01-22 21:21:36,461 [WARN] PackLoader:240 - Cannot read IP mode file for STMicroelectronics.X-CUBE-TOUCHGFX.4.24.1
2025-01-22 21:21:36,482 [WARN] PackLoader:240 - Cannot read IP mode file for wolfSSL.I-CUBE-wolfTPM.3.4.0
2025-01-22 21:21:36,511 [WARN] PackLoader:240 - Cannot read IP mode file for portGmbH.I-Cube-SoM-uGOAL.1.1.0
2025-01-22 21:21:36,556 [WARN] PackLoader:240 - Cannot read IP mode file for STMicroelectronics.X-CUBE-AZRTOS-H7RS.1.0.0
2025-01-22 21:21:36,583 [WARN] PackLoader:240 - Cannot read IP mode file for STMicroelectronics.FP-ATR-ASTRA1.2.0.0
2025-01-22 21:21:36,611 [WARN] PackLoader:240 - Cannot read IP mode file for STMicroelectronics.X-CUBE-TOF1.3.4.2
2025-01-22 21:21:36,654 [WARN] PackLoader:240 - Cannot read IP mode file for Infineon.AIROC-Wi-Fi-Bluetooth-STM32.1.6.1
2025-01-22 21:21:36,672 [WARN] PackLoader:240 - Cannot read IP mode file for wolfSSL.I-CUBE-wolfSSH.1.4.17
2025-01-22 21:21:36,673 [INFO] ThirdParty:978 - Integrity check success = true
2025-01-22 21:21:36,673 [INFO] IntegrityCheckThread:100 - exiting critical section [integrity check]
2025-01-22 21:21:36,673 [INFO] IntegrityCheckThread:103 - End integrity checks thread
2025-01-22 21:21:40,308 [INFO] WebApp:167 - Instantiating new browser for Auth
2025-01-22 21:21:41,136 [INFO] WebApp:448 - Apply proxy settings
2025-01-22 21:21:41,136 [INFO] WebApp:533 - Chromium requires no authentication
2025-01-22 21:21:41,148 [INFO] WebApp:476 - Direct internet connection detected
2025-01-22 21:21:41,178 [INFO] WebApp:869 - Register for checkConnection events
2025-01-22 21:21:41,178 [INFO] WebApp:448 - Apply proxy settings
2025-01-22 21:21:41,179 [INFO] WebApp:533 - Chromium requires no authentication
2025-01-22 21:21:41,180 [INFO] WebApp:476 - Direct internet connection detected
2025-01-22 21:21:41,384 [INFO] WebApp:220 - Starting web application
2025-01-22 21:21:41,384 [INFO] WebApp:578 - Web application path used C:\ST\STM32CubeIDE_1.16.1\STM32CubeIDE\plugins\com.st.stm32cube.common.mx_6.12.1.202409122256\db\plugins\mcufinder\reactClient1\index.html
2025-01-22 21:21:41,592 [INFO] UserAuth:417 - Internet connection configuration mode: 1
2025-01-22 21:21:41,665 [INFO] WebApp:186 - Connection restablished
2025-01-22 23:39:11,238 [INFO] WebApp:189 - Connection lost
2025-01-22 23:39:11,461 [INFO] WebApp:186 - Connection restablished
2025-01-22 23:39:13,309 [INFO] WebApp:189 - Connection lost
2025-01-22 23:39:13,608 [INFO] WebApp:186 - Connection restablished
2025-01-22 23:39:39,234 [INFO] WebApp:189 - Connection lost
2025-01-22 23:39:39,807 [INFO] WebApp:186 - Connection restablished
2025-01-22 23:39:46,715 [INFO] WebApp:189 - Connection lost
2025-01-22 23:39:46,948 [INFO] WebApp:186 - Connection restablished
