2024-11-01 10:18:35,773 [ERROR] LogOutputStream:75 - [STDERR_REDIRECT] 
2024-11-01 10:43:37,826 [INFO] Activator:176 - 


2024-11-01 10:43:37,828 [INFO] Activator:177 - !SESSION log4j initialized
2024-11-01 10:43:44,111 [INFO] LogOutputStream:77 - [STDOUT_REDIRECT] 
2024-11-01 10:43:45,492 [INFO] ApplicationProperties:184 - Using Application install path: C:\ST\STM32CubeIDE_1.16.1\STM32CubeIDE\plugins\com.st.stm32cube.common.mx_6.12.1.202409122256
2024-11-01 10:43:45,514 [INFO] DbMcusXml:78 - Set database path to: C:\ST\STM32CubeIDE_1.16.1\STM32CubeIDE\plugins\com.st.stm32cube.common.mx_6.12.1.202409122256\\db\/mcu/
2024-11-01 10:43:45,515 [INFO] ApiDb:274 - Set plugin database path to: C:\ST\STM32CubeIDE_1.16.1\STM32CubeIDE\plugins\com.st.stm32cube.common.mx_6.12.1.202409122256\\db\/plugins/boardmanager/
2024-11-01 10:43:45,515 [WARN] ApiDb:259 - Overriding images path with different value:  => C:\ST\STM32CubeIDE_1.16.1\STM32CubeIDE\plugins\com.st.stm32cube.common.mx_6.12.1.202409122256\\db\/plugins/mcufinder/images/
2024-11-01 10:43:45,525 [INFO] ApiDb:250 - Set database path to: C:\Users\User\.stmcufinder\plugins\mcufinder//mcu/
2024-11-01 10:43:45,526 [INFO] DbMcusAds:125 - Set database path to: C:\Users\User\.stmcufinder\plugins\mcufinder//mcu/
2024-11-01 10:43:45,530 [INFO] CrossReferenceDbSqlite:203 - Set database path to: C:\Users\User\.stmcufinder\plugins\mcufinder//mcu/cs/
2024-11-01 10:43:45,660 [INFO] RulesReader:64 - Compatibility file has been processed (297 Rules)
2024-11-01 10:43:45,761 [INFO] DbMcusXml:78 - Set database path to: C:\ST\STM32CubeIDE_1.16.1\STM32CubeIDE\plugins\com.st.stm32cube.common.mx_6.12.1.202409122256\\db\/mcu/
2024-11-01 10:43:45,761 [INFO] ApiDb:274 - Set plugin database path to: C:\ST\STM32CubeIDE_1.16.1\STM32CubeIDE\plugins\com.st.stm32cube.common.mx_6.12.1.202409122256\\db\/plugins/boardmanager/
2024-11-01 10:43:45,761 [INFO] ApiDb:261 - Set plugin images path to: C:\ST\STM32CubeIDE_1.16.1\STM32CubeIDE\plugins\com.st.stm32cube.common.mx_6.12.1.202409122256\\db\/plugins/mcufinder/images/
2024-11-01 10:43:45,762 [WARN] DbFile:41 - Overriding database path with different value: C:\Users\User\.stmcufinder\plugins\mcufinder/ => C:\Users\User\.stmcufinder\plugins\mcufinder
2024-11-01 10:43:45,762 [INFO] ApiDb:250 - Set database path to: C:\Users\User\.stmcufinder\plugins\mcufinder//mcu/
2024-11-01 10:43:45,762 [WARN] DbFile:41 - Overriding database path with different value: C:\Users\User\.stmcufinder\plugins\mcufinder/ => C:\Users\User\.stmcufinder\plugins\mcufinder
2024-11-01 10:43:45,762 [INFO] DbMcusAds:125 - Set database path to: C:\Users\User\.stmcufinder\plugins\mcufinder//mcu/
2024-11-01 10:43:45,762 [WARN] DbFile:41 - Overriding database path with different value: C:\Users\User\.stmcufinder\plugins\mcufinder/ => C:\Users\User\.stmcufinder\plugins\mcufinder
2024-11-01 10:43:45,762 [WARN] DbFile:41 - Overriding database path with different value: C:\Users\User\.stmcufinder\plugins\mcufinder/ => C:\Users\User\.stmcufinder\plugins\mcufinder
2024-11-01 10:43:45,762 [INFO] CrossReferenceDbSqlite:203 - Set database path to: C:\Users\User\.stmcufinder\plugins\mcufinder//mcu/cs/
2024-11-01 10:43:45,852 [INFO] MainPanel:268 - HeapMemory: 268435456
2024-11-01 10:43:45,962 [INFO] DbMcusXml:78 - Set database path to: C:\ST\STM32CubeIDE_1.16.1\STM32CubeIDE\plugins\com.st.stm32cube.common.mx_6.12.1.202409122256\\db\/mcu/
2024-11-01 10:43:45,963 [INFO] ApiDb:274 - Set plugin database path to: C:\ST\STM32CubeIDE_1.16.1\STM32CubeIDE\plugins\com.st.stm32cube.common.mx_6.12.1.202409122256\\db\/plugins/boardmanager/
2024-11-01 10:43:45,963 [INFO] ApiDb:261 - Set plugin images path to: C:\ST\STM32CubeIDE_1.16.1\STM32CubeIDE\plugins\com.st.stm32cube.common.mx_6.12.1.202409122256\\db\/plugins/mcufinder/images/
2024-11-01 10:43:45,964 [WARN] DbFile:41 - Overriding database path with different value: C:\Users\User\.stmcufinder\plugins\mcufinder/ => C:\Users\User\.stmcufinder\plugins\mcufinder
2024-11-01 10:43:45,964 [INFO] ApiDb:250 - Set database path to: C:\Users\User\.stmcufinder\plugins\mcufinder//mcu/
2024-11-01 10:43:45,964 [WARN] DbFile:41 - Overriding database path with different value: C:\Users\User\.stmcufinder\plugins\mcufinder/ => C:\Users\User\.stmcufinder\plugins\mcufinder
2024-11-01 10:43:45,964 [INFO] DbMcusAds:125 - Set database path to: C:\Users\User\.stmcufinder\plugins\mcufinder//mcu/
2024-11-01 10:43:45,964 [WARN] DbFile:41 - Overriding database path with different value: C:\Users\User\.stmcufinder\plugins\mcufinder/ => C:\Users\User\.stmcufinder\plugins\mcufinder
2024-11-01 10:43:45,964 [WARN] DbFile:41 - Overriding database path with different value: C:\Users\User\.stmcufinder\plugins\mcufinder/ => C:\Users\User\.stmcufinder\plugins\mcufinder
2024-11-01 10:43:45,964 [INFO] CrossReferenceDbSqlite:203 - Set database path to: C:\Users\User\.stmcufinder\plugins\mcufinder//mcu/cs/
2024-11-01 10:43:45,982 [INFO] ApplicationProperties:184 - Using Application install path: C:\ST\STM32CubeIDE_1.16.1\STM32CubeIDE\plugins\com.st.stm32cube.common.mx_6.12.1.202409122256
2024-11-01 10:43:45,983 [INFO] PluginManage:196 - Search for loadable plugins [exclusion list=, ]
2024-11-01 10:43:45,985 [INFO] PluginManage:310 - Check plugin analytics
2024-11-01 10:43:46,208 [INFO] AnalyticsPlugin:253 - Accepted Software Licenses: 
2024-11-01 10:43:46,208 [INFO] AnalyticsPlugin:255 - Accepted CMSIS Pack Licenses: 
2024-11-01 10:43:46,209 [INFO] AnalyticsPlugin:257 - Accepted Firmware Licenses: FW.L4.1.18.0
2024-11-01 10:43:46,213 [INFO] PluginManage:359 - Loaded plugin analytics (category:tool,tabindex:-1)
2024-11-01 10:43:46,214 [INFO] PluginManage:310 - Check plugin cadmodel
2024-11-01 10:43:46,233 [INFO] CADModel:105 - Init CAD model plugin
2024-11-01 10:43:46,233 [INFO] PluginManage:359 - Loaded plugin cadmodel (category:power,tabindex:5)
2024-11-01 10:43:46,234 [INFO] PluginManage:310 - Check plugin clock
2024-11-01 10:43:46,261 [INFO] PluginManage:359 - Loaded plugin clock (category:base,tabindex:2)
2024-11-01 10:43:46,261 [INFO] PluginManage:310 - Check plugin ddr
2024-11-01 10:43:46,265 [INFO] PluginManage:359 - Loaded plugin ddr (category:tool,tabindex:6)
2024-11-01 10:43:46,265 [INFO] PluginManage:310 - Check plugin filemanager
2024-11-01 10:43:46,436 [INFO] PluginManage:359 - Loaded plugin filemanager (category:base,tabindex:10)
2024-11-01 10:43:46,438 [INFO] PluginManage:310 - Check plugin ipmanager
2024-11-01 10:43:46,445 [INFO] PluginManage:359 - Loaded plugin ipmanager (category:base,tabindex:5)
2024-11-01 10:43:46,445 [INFO] PluginManage:310 - Check plugin lpbam
2024-11-01 10:43:46,463 [INFO] PluginManage:359 - Loaded plugin lpbam (category:base,tabindex:0)
2024-11-01 10:43:46,463 [INFO] PluginManage:310 - Check plugin memorymap
2024-11-01 10:43:46,485 [INFO] PluginManage:359 - Loaded plugin memorymap (category:base,tabindex:4)
2024-11-01 10:43:46,486 [INFO] PluginManage:310 - Check plugin pinoutandconfiguration
2024-11-01 10:43:46,503 [INFO] PluginManage:359 - Loaded plugin pinoutandconfiguration (category:base,tabindex:1)
2024-11-01 10:43:46,504 [INFO] PluginManage:310 - Check plugin pinoutconfig
2024-11-01 10:43:46,610 [WARN] SupportedApi:132 - Cannot load RTOS API schema: s4s-elt-must-match.1: The content of 'definitions' must match (annotation?, (simpleType | complexType)?, (unique | key | keyref)*)). A problem was found starting at: attribute.
2024-11-01 10:43:46,762 [INFO] PluginManage:359 - Loaded plugin pinoutconfig (category:base,tabindex:0)
2024-11-01 10:43:46,762 [INFO] PluginManage:310 - Check plugin power
2024-11-01 10:43:46,781 [INFO] PluginManage:359 - Loaded plugin power (category:power,tabindex:4)
2024-11-01 10:43:46,781 [INFO] PluginManage:310 - Check plugin projectmanager
2024-11-01 10:43:46,797 [INFO] PluginManage:359 - Loaded plugin projectmanager (category:projectmanager,tabindex:4)
2024-11-01 10:43:46,797 [INFO] PluginManage:310 - Check plugin rif
2024-11-01 10:43:46,812 [INFO] PluginManage:359 - Loaded plugin rif (category:base,tabindex:3)
2024-11-01 10:43:46,812 [INFO] PluginManage:310 - Check plugin thirdparty
2024-11-01 10:43:47,095 [INFO] PluginManage:359 - Loaded plugin thirdparty (category:base,tabindex:-1)
2024-11-01 10:43:47,096 [INFO] PluginManage:310 - Check plugin tools
2024-11-01 10:43:47,095 [WARN] IntegrityCheckThread:84 - waiting for thirdparty lock release [integrity check]
2024-11-01 10:43:47,096 [INFO] IntegrityCheckThread:86 - entering critical section [integrity check]
2024-11-01 10:43:47,098 [INFO] ThirdPartyUpdaterWithRetryManager:70 - Updater plugin not ready yet. [1/15]
2024-11-01 10:43:47,131 [INFO] PluginManage:359 - Loaded plugin tools (category:base,tabindex:7)
2024-11-01 10:43:47,131 [INFO] PluginManage:310 - Check plugin tutovideos
2024-11-01 10:43:47,334 [INFO] PluginManage:359 - Loaded plugin tutovideos (category:base,tabindex:-1)
2024-11-01 10:43:47,334 [INFO] PluginManage:310 - Check plugin updater
2024-11-01 10:43:47,353 [INFO] PluginManage:359 - Loaded plugin updater (category:base,tabindex:12)
2024-11-01 10:43:47,353 [INFO] PluginManage:310 - Check plugin userauth
2024-11-01 10:43:47,358 [INFO] UserAuth:113 - Init User Auth plugin
2024-11-01 10:43:47,358 [INFO] PluginManage:359 - Loaded plugin userauth (category:base,tabindex:14)
2024-11-01 10:43:47,359 [INFO] PluginManage:283 - PluginManage : Loaded plugins [18]
2024-11-01 10:43:47,570 [INFO] PinOutPanel:1561 - setPackage(No Configuration,No Configuration)
2024-11-01 10:43:47,654 [INFO] CADModel:165 - CPN selected for project level
2024-11-01 10:43:47,654 [INFO] CADModel:114 - Register for checkConnection events
2024-11-01 10:43:47,680 [INFO] IPUIPlugin:80 - create IPUIPlugin
2024-11-01 10:43:47,680 [INFO] PluginManager:220 - loadIPPluginJar : add adc
2024-11-01 10:43:47,713 [INFO] IPUIPlugin:80 - create IPUIPlugin
2024-11-01 10:43:47,713 [INFO] PluginManager:220 - loadIPPluginJar : add aes
2024-11-01 10:43:47,753 [INFO] IPUIPlugin:80 - create IPUIPlugin
2024-11-01 10:43:47,753 [INFO] PluginManager:220 - loadIPPluginJar : add can
2024-11-01 10:43:47,776 [INFO] IPUIPlugin:80 - create IPUIPlugin
2024-11-01 10:43:47,776 [INFO] PluginManager:220 - loadIPPluginJar : add comp
2024-11-01 10:43:47,805 [INFO] IPUIPlugin:80 - create IPUIPlugin
2024-11-01 10:43:47,805 [INFO] PluginManager:220 - loadIPPluginJar : add cryp
2024-11-01 10:43:47,817 [INFO] IPUIPlugin:80 - create IPUIPlugin
2024-11-01 10:43:47,817 [INFO] PluginManager:220 - loadIPPluginJar : add ddr_ctrl_phy
2024-11-01 10:43:47,846 [INFO] IPUIPlugin:80 - create IPUIPlugin
2024-11-01 10:43:47,846 [INFO] PluginManager:220 - loadIPPluginJar : add dfsdm
2024-11-01 10:43:47,860 [INFO] IPUIPlugin:80 - create IPUIPlugin
2024-11-01 10:43:47,860 [INFO] PluginManager:220 - loadIPPluginJar : add dma
2024-11-01 10:43:47,909 [INFO] IPUIPlugin:80 - create IPUIPlugin
2024-11-01 10:43:47,909 [INFO] PluginManager:220 - loadIPPluginJar : add dma3
2024-11-01 10:43:47,951 [INFO] IPUIPlugin:80 - create IPUIPlugin
2024-11-01 10:43:47,951 [INFO] PluginManager:220 - loadIPPluginJar : add extmemmanager
2024-11-01 10:43:47,970 [INFO] IPUIPlugin:80 - create IPUIPlugin
2024-11-01 10:43:47,970 [INFO] PluginManager:220 - loadIPPluginJar : add fatfs
2024-11-01 10:43:48,013 [INFO] IPUIPlugin:80 - create IPUIPlugin
2024-11-01 10:43:48,014 [INFO] PluginManager:220 - loadIPPluginJar : add fmc
2024-11-01 10:43:48,030 [INFO] IPUIPlugin:80 - create IPUIPlugin
2024-11-01 10:43:48,030 [INFO] PluginManager:220 - loadIPPluginJar : add freertos
2024-11-01 10:43:48,049 [INFO] IPUIPlugin:80 - create IPUIPlugin
2024-11-01 10:43:48,049 [INFO] PluginManager:220 - loadIPPluginJar : add genericplugin
2024-11-01 10:43:48,158 [INFO] IPUIPlugin:80 - create IPUIPlugin
2024-11-01 10:43:48,158 [INFO] PluginManager:220 - loadIPPluginJar : add gfxmmu
2024-11-01 10:43:48,294 [INFO] IPUIPlugin:80 - create IPUIPlugin
2024-11-01 10:43:48,295 [INFO] PluginManager:220 - loadIPPluginJar : add gic
2024-11-01 10:43:48,316 [INFO] IPUIPlugin:80 - create IPUIPlugin
2024-11-01 10:43:48,316 [INFO] PluginManager:220 - loadIPPluginJar : add gpio
2024-11-01 10:43:48,399 [INFO] IPUIPlugin:80 - create IPUIPlugin
2024-11-01 10:43:48,399 [INFO] PluginManager:220 - loadIPPluginJar : add gtzc
2024-11-01 10:43:48,429 [INFO] IPUIPlugin:80 - create IPUIPlugin
2024-11-01 10:43:48,429 [INFO] PluginManager:220 - loadIPPluginJar : add hash
2024-11-01 10:43:48,480 [INFO] IPUIPlugin:80 - create IPUIPlugin
2024-11-01 10:43:48,480 [INFO] PluginManager:220 - loadIPPluginJar : add i2c
2024-11-01 10:43:48,526 [INFO] IPUIPlugin:80 - create IPUIPlugin
2024-11-01 10:43:48,526 [INFO] PluginManager:220 - loadIPPluginJar : add i2s
2024-11-01 10:43:48,568 [INFO] IPUIPlugin:80 - create IPUIPlugin
2024-11-01 10:43:48,568 [INFO] PluginManager:220 - loadIPPluginJar : add i3c
2024-11-01 10:43:48,666 [INFO] IPUIPlugin:80 - create IPUIPlugin
2024-11-01 10:43:48,666 [INFO] PluginManager:220 - loadIPPluginJar : add ipddr
2024-11-01 10:43:48,754 [INFO] IPUIPlugin:80 - create IPUIPlugin
2024-11-01 10:43:48,755 [INFO] PluginManager:220 - loadIPPluginJar : add linkedlist
2024-11-01 10:43:48,788 [INFO] IPUIPlugin:80 - create IPUIPlugin
2024-11-01 10:43:48,788 [INFO] PluginManager:220 - loadIPPluginJar : add lorawan
2024-11-01 10:43:48,820 [INFO] IPUIPlugin:80 - create IPUIPlugin
2024-11-01 10:43:48,820 [INFO] PluginManager:220 - loadIPPluginJar : add ltdc
2024-11-01 10:43:48,835 [INFO] IPUIPlugin:80 - create IPUIPlugin
2024-11-01 10:43:48,835 [INFO] PluginManager:220 - loadIPPluginJar : add mdma
2024-11-01 10:43:48,847 [INFO] IPUIPlugin:80 - create IPUIPlugin
2024-11-01 10:43:48,847 [INFO] PluginManager:220 - loadIPPluginJar : add nvic
2024-11-01 10:43:48,884 [INFO] IPUIPlugin:80 - create IPUIPlugin
2024-11-01 10:43:48,884 [INFO] PluginManager:220 - loadIPPluginJar : add opamp
2024-11-01 10:43:48,936 [INFO] IPUIPlugin:80 - create IPUIPlugin
2024-11-01 10:43:48,936 [INFO] PluginManager:220 - loadIPPluginJar : add openamp
2024-11-01 10:43:48,977 [INFO] IPUIPlugin:80 - create IPUIPlugin
2024-11-01 10:43:48,977 [INFO] PluginManager:220 - loadIPPluginJar : add pdm2pcm
2024-11-01 10:43:48,992 [INFO] IPUIPlugin:80 - create IPUIPlugin
2024-11-01 10:43:48,995 [INFO] PluginManager:220 - loadIPPluginJar : add plateformsettings
2024-11-01 10:43:49,027 [INFO] IPUIPlugin:80 - create IPUIPlugin
2024-11-01 10:43:49,027 [INFO] PluginManager:220 - loadIPPluginJar : add quadspi
2024-11-01 10:43:49,066 [INFO] IPUIPlugin:80 - create IPUIPlugin
2024-11-01 10:43:49,068 [INFO] PluginManager:220 - loadIPPluginJar : add radio
2024-11-01 10:43:49,086 [INFO] IPUIPlugin:80 - create IPUIPlugin
2024-11-01 10:43:49,086 [INFO] PluginManager:220 - loadIPPluginJar : add resmgrutility
2024-11-01 10:43:49,133 [INFO] IPUIPlugin:80 - create IPUIPlugin
2024-11-01 10:43:49,134 [INFO] PluginManager:220 - loadIPPluginJar : add sai
2024-11-01 10:43:49,168 [INFO] IPUIPlugin:80 - create IPUIPlugin
2024-11-01 10:43:49,168 [INFO] PluginManager:220 - loadIPPluginJar : add spi
2024-11-01 10:43:49,232 [INFO] IPUIPlugin:80 - create IPUIPlugin
2024-11-01 10:43:49,232 [INFO] PluginManager:220 - loadIPPluginJar : add stm32_wpan
2024-11-01 10:43:49,253 [INFO] IPUIPlugin:80 - create IPUIPlugin
2024-11-01 10:43:49,253 [INFO] PluginManager:220 - loadIPPluginJar : add tim
2024-11-01 10:43:49,307 [INFO] IPUIPlugin:80 - create IPUIPlugin
2024-11-01 10:43:49,308 [INFO] PluginManager:220 - loadIPPluginJar : add touchsensing
2024-11-01 10:43:49,331 [INFO] IPUIPlugin:80 - create IPUIPlugin
2024-11-01 10:43:49,332 [INFO] PluginManager:220 - loadIPPluginJar : add tracer_emb
2024-11-01 10:43:49,353 [INFO] IPUIPlugin:80 - create IPUIPlugin
2024-11-01 10:43:49,353 [INFO] PluginManager:220 - loadIPPluginJar : add ts
2024-11-01 10:43:49,378 [INFO] IPUIPlugin:80 - create IPUIPlugin
2024-11-01 10:43:49,378 [INFO] PluginManager:220 - loadIPPluginJar : add tsc
2024-11-01 10:43:49,397 [INFO] IPUIPlugin:80 - create IPUIPlugin
2024-11-01 10:43:49,397 [INFO] PluginManager:220 - loadIPPluginJar : add ucpd
2024-11-01 10:43:49,434 [INFO] IPUIPlugin:80 - create IPUIPlugin
2024-11-01 10:43:49,435 [INFO] PluginManager:220 - loadIPPluginJar : add usart
2024-11-01 10:43:49,473 [INFO] IPUIPlugin:80 - create IPUIPlugin
2024-11-01 10:43:49,473 [INFO] PluginManager:220 - loadIPPluginJar : add usbx
2024-11-01 10:43:49,603 [INFO] CADModel:165 - CPN selected for project level
2024-11-01 10:43:49,603 [INFO] CADModel:114 - Register for checkConnection events
2024-11-01 10:43:49,604 [FATAL] Updater:334 - Updater called before beeing initialized
2024-11-01 10:43:49,604 [ERROR] CADModel:125 - Updater not yet initialized, retry later 
2024-11-01 10:43:49,759 [INFO] CADModel:165 - CPN selected for project level
2024-11-01 10:43:49,759 [INFO] CADModel:114 - Register for checkConnection events
2024-11-01 10:43:49,759 [FATAL] Updater:334 - Updater called before beeing initialized
2024-11-01 10:43:49,759 [ERROR] CADModel:125 - Updater not yet initialized, retry later 
2024-11-01 10:43:49,762 [FATAL] Updater:334 - Updater called before beeing initialized
2024-11-01 10:43:49,863 [FATAL] Updater:334 - Updater called before beeing initialized
2024-11-01 10:43:49,874 [INFO] DbMcusAds:53 - JSON generation date=Fri Sep 20 18:34:38 IST 2024 (1726837478367)
2024-11-01 10:43:49,874 [FATAL] Updater:334 - Updater called before beeing initialized
2024-11-01 10:43:49,908 [WARN] DetailPanel:346 - Failed to get advertising image, set to default
2024-11-01 10:43:50,024 [FATAL] Updater:334 - Updater called before beeing initialized
2024-11-01 10:43:50,026 [FATAL] Updater:334 - Updater called before beeing initialized
2024-11-01 10:43:50,026 [FATAL] Updater:334 - Updater called before beeing initialized
2024-11-01 10:43:50,026 [WARN] DetailPanel:346 - Failed to get advertising image, set to default
2024-11-01 10:43:50,026 [FATAL] Updater:334 - Updater called before beeing initialized
2024-11-01 10:43:50,084 [ERROR] Updater:1164 - MainUpdater not yet initialized. External WinMGr cannot be set.
2024-11-01 10:43:50,094 [INFO] Updater:1100 - Updater Version found : 6.12.1
2024-11-01 10:43:50,100 [INFO] ThirdPartyUpdaterWithRetryManager:70 - Updater plugin not ready yet. [2/15]
2024-11-01 10:43:50,112 [INFO] ApplicationProperties:184 - Using Application install path: C:\ST\STM32CubeIDE_1.16.1\STM32CubeIDE\plugins\com.st.stm32cube.common.mx_6.12.1.202409122256
2024-11-01 10:43:51,703 [ERROR] LogOutputStream:75 - [STDERR_REDIRECT] Nov 01, 2024 10:43:51 AM java.util.prefs.WindowsPreferences <init>
2024-11-01 10:43:51,706 [ERROR] LogOutputStream:75 - [STDERR_REDIRECT] WARNING: Could not open/create prefs root node Software\JavaSoft\Prefs at root 0xffffffff80000002. Windows RegCreateKeyEx(...) returned error code 5.
2024-11-01 10:43:51,707 [ERROR] LogOutputStream:75 - [STDERR_REDIRECT] 
2024-11-01 10:43:52,139 [INFO] MainUpdater:2873 - connection check result : 10
2024-11-01 10:43:52,141 [INFO] MainUpdater:290 - Updater Check For Update Now.
2024-11-01 10:43:52,142 [INFO] MicroXplorer:498 - Change Database Version : DB.6.0.121
2024-11-01 10:43:52,171 [INFO] McuFinderGlobals:63 - Set McuFinder mode to 2 (CubeIDE integrated)
2024-11-01 10:43:52,184 [INFO] UserAuth:417 - Internet connection configuration mode: 1
2024-11-01 10:43:52,233 [INFO] JxBrowserEngine:152 - Initiate JxBrowser Engine with user profile folder
2024-11-01 10:43:52,416 [INFO] CheckServerUpdateThread:120 - End of CheckServer Thread
2024-11-01 10:43:53,306 [WARN] PackLoader:240 - Cannot read IP mode file for STMicroelectronics.FP-SNS-MOTENVWB1.1.4.0
2024-11-01 10:43:53,325 [WARN] PackLoader:240 - Cannot read IP mode file for STMicroelectronics.X-CUBE-SMBUS.2.1.0
2024-11-01 10:43:53,343 [WARN] PackLoader:240 - Cannot read IP mode file for STMicroelectronics.X-CUBE-WB05N.1.1.0
2024-11-01 10:43:53,381 [WARN] PackLoader:240 - Cannot read IP mode file for STMicroelectronics.X-CUBE-AZRTOS-F7.1.1.0
2024-11-01 10:43:53,457 [WARN] PackLoader:240 - Cannot read IP mode file for STMicroelectronics.X-CUBE-MEMS1.11.0.0
2024-11-01 10:43:53,582 [WARN] PackLoader:240 - Cannot read IP mode file for STMicroelectronics.FP-SNS-FLIGHT1.5.0.2
2024-11-01 10:43:53,627 [WARN] PackLoader:240 - Cannot read IP mode file for STMicroelectronics.X-CUBE-DISPLAY.3.0.0
2024-11-01 10:43:53,649 [WARN] PackLoader:240 - Cannot read IP mode file for STMicroelectronics.X-CUBE-BLE1.7.0.0
2024-11-01 10:43:53,668 [WARN] PackLoader:240 - Cannot read IP mode file for STMicroelectronics.X-CUBE-NFC10.1.0.0
2024-11-01 10:43:53,698 [WARN] PackLoader:240 - Cannot read IP mode file for emotas.I-CUBE-CANOPEN.1.3.0
2024-11-01 10:43:53,732 [WARN] PackLoader:240 - Cannot read IP mode file for STMicroelectronics.X-CUBE-BLEMGR.3.1.0
2024-11-01 10:43:53,758 [WARN] PackLoader:240 - Cannot read IP mode file for STMicroelectronics.FP-SNS-SMARTAG2.1.2.0
2024-11-01 10:43:53,783 [INFO] LogOutputStream:77 - [STDOUT_REDIRECT] 1 : Invalid condition id : UX_CORESTACK_Condition cause : null
2024-11-01 10:43:53,785 [INFO] LogOutputStream:77 - [STDOUT_REDIRECT] 1 : Invalid condition id : UX_CORESTACK_Condition cause : null
2024-11-01 10:43:53,786 [INFO] LogOutputStream:77 - [STDOUT_REDIRECT] 1 : Invalid condition id : UX_CORESTACK_Condition cause : null
2024-11-01 10:43:53,789 [INFO] LogOutputStream:77 - [STDOUT_REDIRECT] 1 : Invalid condition id : UX_CORESTACK_Condition cause : null
2024-11-01 10:43:53,790 [INFO] LogOutputStream:77 - [STDOUT_REDIRECT] 1 : Invalid condition id : UX_CORESTACK_Condition cause : null
2024-11-01 10:43:53,794 [WARN] PackLoader:240 - Cannot read IP mode file for STMicroelectronics.X-CUBE-AZRTOS-WL.2.0.0
2024-11-01 10:43:53,809 [WARN] PackLoader:240 - Cannot read IP mode file for STMicroelectronics.FP-SNS-MOTENV1.5.0.0
2024-11-01 10:43:53,821 [WARN] PackLoader:240 - Cannot read IP mode file for wolfSSL.I-CUBE-wolfMQTT.1.19.0
2024-11-01 10:43:53,841 [WARN] PackLoader:240 - Cannot read IP mode file for WES.I-CUBE-Cesium.1.3.0
2024-11-01 10:43:53,856 [WARN] PackLoader:240 - Cannot read IP mode file for STMicroelectronics.X-CUBE-BLE2.3.3.0
2024-11-01 10:43:53,871 [WARN] PackLoader:240 - Cannot read IP mode file for STMicroelectronics.X-CUBE-NFC9.1.0.0
2024-11-01 10:43:53,887 [WARN] PackLoader:240 - Cannot read IP mode file for STMicroelectronics.X-CUBE-TCPP.4.1.0
2024-11-01 10:43:53,913 [WARN] PackLoader:240 - Cannot read IP mode file for STMicroelectronics.X-CUBE-AZRTOS-G0.1.1.0
2024-11-01 10:43:53,933 [WARN] PackLoader:240 - Cannot read IP mode file for STMicroelectronics.X-CUBE-SAFEA1.1.2.2
2024-11-01 10:43:53,950 [WARN] PackLoader:240 - Cannot read IP mode file for STMicroelectronics.X-CUBE-NFC4.3.0.0
2024-11-01 10:43:53,972 [WARN] PackLoader:240 - Cannot read IP mode file for EmbeddedOffice.I-CUBE-FS-RTOS.1.0.1
2024-11-01 10:43:53,972 [ERROR] ConditionMgr:805 - Attr not supported : Dmpu
2024-11-01 10:43:53,973 [ERROR] ConditionMgr:805 - Attr not supported : Dmpu
2024-11-01 10:43:53,973 [ERROR] ConditionMgr:805 - Attr not supported : Dmpu
2024-11-01 10:43:53,973 [ERROR] ConditionMgr:805 - Attr not supported : Dmpu
2024-11-01 10:43:53,973 [ERROR] ConditionMgr:805 - Attr not supported : Dmpu
2024-11-01 10:43:53,973 [ERROR] ConditionMgr:805 - Attr not supported : Dmpu
2024-11-01 10:43:53,973 [ERROR] ConditionMgr:805 - Attr not supported : Dmpu
2024-11-01 10:43:53,973 [ERROR] ConditionMgr:805 - Attr not supported : Dmpu
2024-11-01 10:43:53,973 [ERROR] ConditionMgr:805 - Attr not supported : Dmpu
2024-11-01 10:43:53,973 [ERROR] ConditionMgr:805 - Attr not supported : Dmpu
2024-11-01 10:43:53,974 [ERROR] ConditionMgr:805 - Attr not supported : Dmpu
2024-11-01 10:43:53,974 [ERROR] ConditionMgr:805 - Attr not supported : Dmpu
2024-11-01 10:43:53,974 [ERROR] ConditionMgr:805 - Attr not supported : Dmpu
2024-11-01 10:43:53,974 [ERROR] ConditionMgr:805 - Attr not supported : Dmpu
2024-11-01 10:43:53,974 [ERROR] ConditionMgr:805 - Attr not supported : Dmpu
2024-11-01 10:43:53,974 [ERROR] ConditionMgr:805 - Attr not supported : Dmpu
2024-11-01 10:43:53,974 [ERROR] ConditionMgr:805 - Attr not supported : Dmpu
2024-11-01 10:43:53,975 [ERROR] ConditionMgr:805 - Attr not supported : Dmpu
2024-11-01 10:43:53,975 [ERROR] ConditionMgr:805 - Attr not supported : Dmpu
2024-11-01 10:43:53,975 [ERROR] ConditionMgr:805 - Attr not supported : Dmpu
2024-11-01 10:43:53,975 [ERROR] ConditionMgr:805 - Attr not supported : Dmpu
2024-11-01 10:43:53,975 [ERROR] ConditionMgr:805 - Attr not supported : Dmpu
2024-11-01 10:43:53,975 [ERROR] ConditionMgr:805 - Attr not supported : Dmpu
2024-11-01 10:43:53,975 [ERROR] ConditionMgr:805 - Attr not supported : Dmpu
2024-11-01 10:43:53,975 [ERROR] ConditionMgr:805 - Attr not supported : Dmpu
2024-11-01 10:43:53,975 [ERROR] ConditionMgr:805 - Attr not supported : Dmpu
2024-11-01 10:43:53,975 [ERROR] ConditionMgr:805 - Attr not supported : Dmpu
2024-11-01 10:43:53,975 [ERROR] ConditionMgr:805 - Attr not supported : Dmpu
2024-11-01 10:43:53,975 [ERROR] ConditionMgr:805 - Attr not supported : Dmpu
2024-11-01 10:43:53,975 [ERROR] ConditionMgr:805 - Attr not supported : Dmpu
2024-11-01 10:43:53,975 [ERROR] ConditionMgr:805 - Attr not supported : Dmpu
2024-11-01 10:43:53,975 [ERROR] ConditionMgr:805 - Attr not supported : Dmpu
2024-11-01 10:43:53,975 [ERROR] ConditionMgr:805 - Attr not supported : Dmpu
2024-11-01 10:43:53,975 [ERROR] ConditionMgr:805 - Attr not supported : Dmpu
2024-11-01 10:43:53,975 [ERROR] ConditionMgr:805 - Attr not supported : Dmpu
2024-11-01 10:43:53,975 [ERROR] ConditionMgr:805 - Attr not supported : Dmpu
2024-11-01 10:43:53,975 [ERROR] ConditionMgr:805 - Attr not supported : Dmpu
2024-11-01 10:43:53,975 [ERROR] ConditionMgr:805 - Attr not supported : Dmpu
2024-11-01 10:43:53,975 [ERROR] ConditionMgr:805 - Attr not supported : Dmpu
2024-11-01 10:43:53,976 [ERROR] ConditionMgr:805 - Attr not supported : Dmpu
2024-11-01 10:43:53,976 [ERROR] ConditionMgr:805 - Attr not supported : Dmpu
2024-11-01 10:43:53,976 [ERROR] ConditionMgr:805 - Attr not supported : Dmpu
2024-11-01 10:43:53,976 [ERROR] ConditionMgr:805 - Attr not supported : Dmpu
2024-11-01 10:43:53,976 [ERROR] ConditionMgr:805 - Attr not supported : Dmpu
2024-11-01 10:43:53,976 [ERROR] ConditionMgr:805 - Attr not supported : Dmpu
2024-11-01 10:43:53,976 [ERROR] ConditionMgr:805 - Attr not supported : Dmpu
2024-11-01 10:43:53,976 [ERROR] ConditionMgr:805 - Attr not supported : Dmpu
2024-11-01 10:43:53,976 [ERROR] ConditionMgr:805 - Attr not supported : Dmpu
2024-11-01 10:43:53,976 [ERROR] ConditionMgr:805 - Attr not supported : Dmpu
2024-11-01 10:43:53,976 [ERROR] ConditionMgr:805 - Attr not supported : Dmpu
2024-11-01 10:43:53,976 [ERROR] ConditionMgr:805 - Attr not supported : Dmpu
2024-11-01 10:43:53,976 [ERROR] ConditionMgr:805 - Attr not supported : Dmpu
2024-11-01 10:43:53,976 [ERROR] ConditionMgr:805 - Attr not supported : Dmpu
2024-11-01 10:43:53,976 [ERROR] ConditionMgr:805 - Attr not supported : Dmpu
2024-11-01 10:43:53,976 [ERROR] ConditionMgr:805 - Attr not supported : Dmpu
2024-11-01 10:43:53,976 [ERROR] ConditionMgr:805 - Attr not supported : Dmpu
2024-11-01 10:43:53,976 [ERROR] ConditionMgr:805 - Attr not supported : Dmpu
2024-11-01 10:43:53,976 [ERROR] ConditionMgr:805 - Attr not supported : Dmpu
2024-11-01 10:43:53,976 [ERROR] ConditionMgr:805 - Attr not supported : Dmpu
2024-11-01 10:43:53,976 [ERROR] ConditionMgr:805 - Attr not supported : Dmpu
2024-11-01 10:43:53,976 [ERROR] ConditionMgr:805 - Attr not supported : Dmpu
2024-11-01 10:43:53,976 [ERROR] ConditionMgr:805 - Attr not supported : Dmpu
2024-11-01 10:43:53,976 [ERROR] ConditionMgr:805 - Attr not supported : Dmpu
2024-11-01 10:43:53,976 [ERROR] ConditionMgr:805 - Attr not supported : Dmpu
2024-11-01 10:43:53,997 [WARN] PackLoader:240 - Cannot read IP mode file for RealThread.X-CUBE-RT-Thread_Nano.4.1.1
2024-11-01 10:43:54,014 [WARN] PackLoader:240 - Cannot read IP mode file for STMicroelectronics.FP-ATR-SIGFOX1.3.2.0
2024-11-01 10:43:54,031 [WARN] PackLoader:240 - Cannot read IP mode file for wolfSSL.I-CUBE-wolfSSL.5.7.2
2024-11-01 10:43:54,052 [WARN] PackLoader:240 - Cannot read IP mode file for STMicroelectronics.X-CUBE-EEPRMA1.5.1.0
2024-11-01 10:43:54,072 [WARN] PackLoader:240 - Cannot read IP mode file for ITTIA_DB.I-CUBE-ITTIADB.8.9.0
2024-11-01 10:43:54,119 [WARN] PackLoader:240 - Cannot read IP mode file for SEGGER.I-CUBE-embOS.1.3.1
2024-11-01 10:43:54,169 [WARN] PackLoader:240 - Cannot read IP mode file for STMicroelectronics.X-CUBE-ALGOBUILD.1.4.0
2024-11-01 10:43:54,183 [WARN] PackLoader:240 - Cannot read IP mode file for STMicroelectronics.X-CUBE-AI.9.1.0
2024-11-01 10:43:54,208 [WARN] PackLoader:240 - Cannot read IP mode file for STMicroelectronics.X-CUBE-AZRTOS-F4.1.1.0
2024-11-01 10:43:54,223 [WARN] PackLoader:240 - Cannot read IP mode file for STMicroelectronics.X-CUBE-ISPU.2.1.0
2024-11-01 10:43:54,241 [WARN] PackLoader:240 - Cannot read IP mode file for STMicroelectronics.X-CUBE-FREERTOS.1.2.0
2024-11-01 10:43:54,273 [WARN] PackLoader:240 - Cannot read IP mode file for STMicroelectronics.X-CUBE-AZRTOS-L5.2.0.0
2024-11-01 10:43:54,293 [WARN] PackLoader:240 - Cannot read IP mode file for STMicroelectronics.X-CUBE-NFC6.3.1.0
2024-11-01 10:43:54,305 [WARN] PackLoader:240 - Cannot read IP mode file for STMicroelectronics.X-CUBE-DPower.1.2.0
2024-11-01 10:43:54,321 [WARN] PackLoader:240 - Cannot read IP mode file for STMicroelectronics.X-CUBE-NFC7.1.0.1
2024-11-01 10:43:54,351 [WARN] ConditionMgr:438 - getConditionDescription Invalid condition id : LAN8742 Phy interface Condition cause : null
2024-11-01 10:43:54,354 [WARN] PackLoader:240 - Cannot read IP mode file for STMicroelectronics.X-CUBE-AZRTOS-L4.2.0.0
2024-11-01 10:43:54,356 [WARN] ConditionMgr:1039 - genDependencies : Invalid condition id : LAN8742 Phy interface Condition cause : null
2024-11-01 10:43:54,356 [WARN] ConditionMgr:1039 - genDependencies : Invalid condition id : LAN8742 Phy interface Condition cause : null
2024-11-01 10:43:54,356 [WARN] ConditionMgr:1039 - genDependencies : Invalid condition id : LAN8742 Phy interface Condition cause : null
2024-11-01 10:43:54,379 [WARN] PackLoader:240 - Cannot read IP mode file for STMicroelectronics.X-CUBE-SFXS2LP1.4.0.0
2024-11-01 10:43:54,418 [WARN] PackLoader:240 - Cannot read IP mode file for STMicroelectronics.X-CUBE-AZRTOS-H7.3.3.0
2024-11-01 10:43:54,441 [WARN] PackLoader:240 - Cannot read IP mode file for STMicroelectronics.X-CUBE-IPS.3.0.0
2024-11-01 10:43:54,463 [WARN] ConditionMgr:438 - getConditionDescription Invalid condition id : UX DEVICE CLASS RTOS Condition cause : null
2024-11-01 10:43:54,463 [WARN] ConditionMgr:438 - getConditionDescription Invalid condition id : UX DEVICE CLASS RTOS Condition cause : null
2024-11-01 10:43:54,465 [WARN] PackLoader:240 - Cannot read IP mode file for STMicroelectronics.X-CUBE-AZRTOS-WB.2.0.0
2024-11-01 10:43:54,465 [WARN] ConditionMgr:1039 - genDependencies : Invalid condition id : UX DEVICE CLASS RTOS Condition cause : null
2024-11-01 10:43:54,465 [WARN] ConditionMgr:1039 - genDependencies : Invalid condition id : UX DEVICE CLASS RTOS Condition cause : null
2024-11-01 10:43:54,466 [WARN] ConditionMgr:1039 - genDependencies : Invalid condition id : UX DEVICE CLASS RTOS Condition cause : null
2024-11-01 10:43:54,466 [WARN] ConditionMgr:1039 - genDependencies : Invalid condition id : UX DEVICE CLASS RTOS Condition cause : null
2024-11-01 10:43:54,466 [WARN] ConditionMgr:1039 - genDependencies : Invalid condition id : UX DEVICE CLASS RTOS Condition cause : null
2024-11-01 10:43:54,480 [WARN] PackLoader:240 - Cannot read IP mode file for STMicroelectronics.X-CUBE-GNSS1.7.0.0
2024-11-01 10:43:54,500 [WARN] PackLoader:240 - Cannot read IP mode file for STMicroelectronics.FP-SNS-STBOX1.2.0.0
2024-11-01 10:43:54,526 [WARN] PackLoader:240 - Cannot read IP mode file for STMicroelectronics.X-CUBE-SUBG2.5.0.0
2024-11-01 10:43:54,543 [WARN] PackLoader:240 - Cannot read IP mode file for Cesanta.I-CUBE-Mongoose.7.13.0
2024-11-01 10:43:54,565 [WARN] PackLoader:240 - Cannot read IP mode file for STMicroelectronics.X-CUBE-AZRTOS-G4.2.0.0
2024-11-01 10:43:54,580 [WARN] PackLoader:240 - Cannot read IP mode file for STMicroelectronics.X-CUBE-ALS.1.0.2
2024-11-01 10:43:54,597 [WARN] PackLoader:240 - Cannot read IP mode file for STMicroelectronics.X-CUBE-TOUCHGFX.4.24.1
2024-11-01 10:43:54,608 [WARN] PackLoader:240 - Cannot read IP mode file for wolfSSL.I-CUBE-wolfTPM.3.4.0
2024-11-01 10:43:54,622 [WARN] PackLoader:240 - Cannot read IP mode file for portGmbH.I-Cube-SoM-uGOAL.1.1.0
2024-11-01 10:43:54,647 [WARN] PackLoader:240 - Cannot read IP mode file for STMicroelectronics.X-CUBE-AZRTOS-H7RS.1.0.0
2024-11-01 10:43:54,663 [WARN] PackLoader:240 - Cannot read IP mode file for STMicroelectronics.FP-ATR-ASTRA1.2.0.0
2024-11-01 10:43:54,683 [WARN] PackLoader:240 - Cannot read IP mode file for STMicroelectronics.X-CUBE-TOF1.3.4.2
2024-11-01 10:43:54,729 [WARN] PackLoader:240 - Cannot read IP mode file for Infineon.AIROC-Wi-Fi-Bluetooth-STM32.1.6.1
2024-11-01 10:43:54,747 [WARN] PackLoader:240 - Cannot read IP mode file for wolfSSL.I-CUBE-wolfSSH.1.4.17
2024-11-01 10:43:54,748 [INFO] ThirdParty:978 - Integrity check success = true
2024-11-01 10:43:54,748 [INFO] IntegrityCheckThread:100 - exiting critical section [integrity check]
2024-11-01 10:43:54,748 [INFO] IntegrityCheckThread:103 - End integrity checks thread
2024-11-01 10:44:06,306 [INFO] WebApp:167 - Instantiating new browser for Auth
2024-11-01 10:44:07,496 [INFO] WebApp:448 - Apply proxy settings
2024-11-01 10:44:07,496 [INFO] WebApp:533 - Chromium requires no authentication
2024-11-01 10:44:07,512 [INFO] WebApp:476 - Direct internet connection detected
2024-11-01 10:44:07,554 [INFO] WebApp:869 - Register for checkConnection events
2024-11-01 10:44:07,554 [INFO] WebApp:448 - Apply proxy settings
2024-11-01 10:44:07,555 [INFO] WebApp:533 - Chromium requires no authentication
2024-11-01 10:44:07,556 [INFO] WebApp:476 - Direct internet connection detected
2024-11-01 10:44:07,995 [INFO] WebApp:186 - Connection restablished
2024-11-01 10:44:08,004 [INFO] WebApp:220 - Starting web application
2024-11-01 10:44:08,005 [INFO] WebApp:578 - Web application path used C:\ST\STM32CubeIDE_1.16.1\STM32CubeIDE\plugins\com.st.stm32cube.common.mx_6.12.1.202409122256\db\plugins\mcufinder\reactClient1\index.html
2024-11-01 10:44:08,185 [INFO] UserAuth:417 - Internet connection configuration mode: 1
2024-11-01 10:55:59,150 [INFO] WebApp:189 - Connection lost
2024-11-01 10:55:59,501 [INFO] WebApp:186 - Connection restablished
2024-11-01 10:59:34,141 [INFO] WebApp:189 - Connection lost
2024-11-01 10:59:34,467 [INFO] WebApp:186 - Connection restablished
2024-11-01 12:26:43,634 [INFO] WebApp:189 - Connection lost
2024-11-01 12:26:44,104 [INFO] WebApp:186 - Connection restablished
2024-11-01 12:33:38,125 [INFO] WebApp:189 - Connection lost
2024-11-01 12:33:38,421 [INFO] WebApp:186 - Connection restablished
2024-11-01 13:37:37,885 [INFO] WebApp:189 - Connection lost
2024-11-01 13:37:38,222 [INFO] WebApp:186 - Connection restablished
2024-11-01 13:37:38,407 [INFO] WebApp:189 - Connection lost
2024-11-01 13:37:38,747 [INFO] WebApp:186 - Connection restablished
2024-11-01 13:45:02,086 [INFO] WebApp:189 - Connection lost
2024-11-01 13:45:02,402 [INFO] WebApp:186 - Connection restablished
2024-11-01 14:54:32,567 [INFO] WebApp:189 - Connection lost
2024-11-01 14:54:32,910 [INFO] WebApp:186 - Connection restablished
2024-11-01 22:58:28,865 [INFO] WebApp:189 - Connection lost
2024-11-01 22:58:32,234 [INFO] WebApp:186 - Connection restablished
2024-11-01 22:58:33,657 [INFO] WebApp:189 - Connection lost
2024-11-01 22:58:33,872 [INFO] WebApp:186 - Connection restablished
2024-11-01 23:09:01,835 [ERROR] LogOutputStream:75 - [STDERR_REDIRECT] 
