2024-10-07 20:49:08,676 [ERROR] LogOutputStream:75 - [STDERR_REDIRECT] 
2024-10-07 22:12:30,406 [INFO] Activator:176 - 


2024-10-07 22:12:30,407 [INFO] Activator:177 - !SESSION log4j initialized
2024-10-07 22:12:48,251 [INFO] LogOutputStream:77 - [STDOUT_REDIRECT] 
2024-10-07 22:12:50,040 [INFO] ApplicationProperties:184 - Using Application install path: C:\ST\STM32CubeIDE_1.16.1\STM32CubeIDE\plugins\com.st.stm32cube.common.mx_6.12.1.202409122256
2024-10-07 22:12:50,059 [INFO] DbMcusXml:78 - Set database path to: C:\ST\STM32CubeIDE_1.16.1\STM32CubeIDE\plugins\com.st.stm32cube.common.mx_6.12.1.202409122256\\db\/mcu/
2024-10-07 22:12:50,059 [INFO] ApiDb:274 - Set plugin database path to: C:\ST\STM32CubeIDE_1.16.1\STM32CubeIDE\plugins\com.st.stm32cube.common.mx_6.12.1.202409122256\\db\/plugins/boardmanager/
2024-10-07 22:12:50,060 [WARN] ApiDb:259 - Overriding images path with different value:  => C:\ST\STM32CubeIDE_1.16.1\STM32CubeIDE\plugins\com.st.stm32cube.common.mx_6.12.1.202409122256\\db\/plugins/mcufinder/images/
2024-10-07 22:12:50,066 [INFO] ApiDb:250 - Set database path to: C:\Users\User\.stmcufinder\plugins\mcufinder//mcu/
2024-10-07 22:12:50,067 [INFO] DbMcusAds:125 - Set database path to: C:\Users\User\.stmcufinder\plugins\mcufinder//mcu/
2024-10-07 22:12:50,071 [INFO] CrossReferenceDbSqlite:203 - Set database path to: C:\Users\User\.stmcufinder\plugins\mcufinder//mcu/cs/
2024-10-07 22:12:50,164 [INFO] RulesReader:64 - Compatibility file has been processed (297 Rules)
2024-10-07 22:12:50,244 [INFO] DbMcusXml:78 - Set database path to: C:\ST\STM32CubeIDE_1.16.1\STM32CubeIDE\plugins\com.st.stm32cube.common.mx_6.12.1.202409122256\\db\/mcu/
2024-10-07 22:12:50,244 [INFO] ApiDb:274 - Set plugin database path to: C:\ST\STM32CubeIDE_1.16.1\STM32CubeIDE\plugins\com.st.stm32cube.common.mx_6.12.1.202409122256\\db\/plugins/boardmanager/
2024-10-07 22:12:50,244 [INFO] ApiDb:261 - Set plugin images path to: C:\ST\STM32CubeIDE_1.16.1\STM32CubeIDE\plugins\com.st.stm32cube.common.mx_6.12.1.202409122256\\db\/plugins/mcufinder/images/
2024-10-07 22:12:50,245 [WARN] DbFile:41 - Overriding database path with different value: C:\Users\User\.stmcufinder\plugins\mcufinder/ => C:\Users\User\.stmcufinder\plugins\mcufinder
2024-10-07 22:12:50,245 [INFO] ApiDb:250 - Set database path to: C:\Users\User\.stmcufinder\plugins\mcufinder//mcu/
2024-10-07 22:12:50,245 [WARN] DbFile:41 - Overriding database path with different value: C:\Users\User\.stmcufinder\plugins\mcufinder/ => C:\Users\User\.stmcufinder\plugins\mcufinder
2024-10-07 22:12:50,245 [INFO] DbMcusAds:125 - Set database path to: C:\Users\User\.stmcufinder\plugins\mcufinder//mcu/
2024-10-07 22:12:50,245 [WARN] DbFile:41 - Overriding database path with different value: C:\Users\User\.stmcufinder\plugins\mcufinder/ => C:\Users\User\.stmcufinder\plugins\mcufinder
2024-10-07 22:12:50,245 [WARN] DbFile:41 - Overriding database path with different value: C:\Users\User\.stmcufinder\plugins\mcufinder/ => C:\Users\User\.stmcufinder\plugins\mcufinder
2024-10-07 22:12:50,245 [INFO] CrossReferenceDbSqlite:203 - Set database path to: C:\Users\User\.stmcufinder\plugins\mcufinder//mcu/cs/
2024-10-07 22:12:50,336 [INFO] MainPanel:268 - HeapMemory: 268435456
2024-10-07 22:12:50,436 [INFO] DbMcusXml:78 - Set database path to: C:\ST\STM32CubeIDE_1.16.1\STM32CubeIDE\plugins\com.st.stm32cube.common.mx_6.12.1.202409122256\\db\/mcu/
2024-10-07 22:12:50,436 [INFO] ApiDb:274 - Set plugin database path to: C:\ST\STM32CubeIDE_1.16.1\STM32CubeIDE\plugins\com.st.stm32cube.common.mx_6.12.1.202409122256\\db\/plugins/boardmanager/
2024-10-07 22:12:50,436 [INFO] ApiDb:261 - Set plugin images path to: C:\ST\STM32CubeIDE_1.16.1\STM32CubeIDE\plugins\com.st.stm32cube.common.mx_6.12.1.202409122256\\db\/plugins/mcufinder/images/
2024-10-07 22:12:50,436 [WARN] DbFile:41 - Overriding database path with different value: C:\Users\User\.stmcufinder\plugins\mcufinder/ => C:\Users\User\.stmcufinder\plugins\mcufinder
2024-10-07 22:12:50,437 [INFO] ApiDb:250 - Set database path to: C:\Users\User\.stmcufinder\plugins\mcufinder//mcu/
2024-10-07 22:12:50,437 [WARN] DbFile:41 - Overriding database path with different value: C:\Users\User\.stmcufinder\plugins\mcufinder/ => C:\Users\User\.stmcufinder\plugins\mcufinder
2024-10-07 22:12:50,437 [INFO] DbMcusAds:125 - Set database path to: C:\Users\User\.stmcufinder\plugins\mcufinder//mcu/
2024-10-07 22:12:50,437 [WARN] DbFile:41 - Overriding database path with different value: C:\Users\User\.stmcufinder\plugins\mcufinder/ => C:\Users\User\.stmcufinder\plugins\mcufinder
2024-10-07 22:12:50,437 [WARN] DbFile:41 - Overriding database path with different value: C:\Users\User\.stmcufinder\plugins\mcufinder/ => C:\Users\User\.stmcufinder\plugins\mcufinder
2024-10-07 22:12:50,437 [INFO] CrossReferenceDbSqlite:203 - Set database path to: C:\Users\User\.stmcufinder\plugins\mcufinder//mcu/cs/
2024-10-07 22:12:50,457 [INFO] ApplicationProperties:184 - Using Application install path: C:\ST\STM32CubeIDE_1.16.1\STM32CubeIDE\plugins\com.st.stm32cube.common.mx_6.12.1.202409122256
2024-10-07 22:12:50,458 [INFO] PluginManage:196 - Search for loadable plugins [exclusion list=, ]
2024-10-07 22:12:50,460 [INFO] PluginManage:310 - Check plugin analytics
2024-10-07 22:12:50,681 [INFO] AnalyticsPlugin:253 - Accepted Software Licenses: 
2024-10-07 22:12:50,682 [INFO] AnalyticsPlugin:255 - Accepted CMSIS Pack Licenses: 
2024-10-07 22:12:50,682 [INFO] AnalyticsPlugin:257 - Accepted Firmware Licenses: FW.L4.1.18.0
2024-10-07 22:12:50,687 [INFO] PluginManage:359 - Loaded plugin analytics (category:tool,tabindex:-1)
2024-10-07 22:12:50,688 [INFO] PluginManage:310 - Check plugin cadmodel
2024-10-07 22:12:50,704 [INFO] CADModel:105 - Init CAD model plugin
2024-10-07 22:12:50,705 [INFO] PluginManage:359 - Loaded plugin cadmodel (category:power,tabindex:5)
2024-10-07 22:12:50,705 [INFO] PluginManage:310 - Check plugin clock
2024-10-07 22:12:50,734 [INFO] PluginManage:359 - Loaded plugin clock (category:base,tabindex:2)
2024-10-07 22:12:50,735 [INFO] PluginManage:310 - Check plugin ddr
2024-10-07 22:12:50,738 [INFO] PluginManage:359 - Loaded plugin ddr (category:tool,tabindex:6)
2024-10-07 22:12:50,739 [INFO] PluginManage:310 - Check plugin filemanager
2024-10-07 22:12:50,906 [INFO] PluginManage:359 - Loaded plugin filemanager (category:base,tabindex:10)
2024-10-07 22:12:50,906 [INFO] PluginManage:310 - Check plugin ipmanager
2024-10-07 22:12:50,913 [INFO] PluginManage:359 - Loaded plugin ipmanager (category:base,tabindex:5)
2024-10-07 22:12:50,913 [INFO] PluginManage:310 - Check plugin lpbam
2024-10-07 22:12:50,928 [INFO] PluginManage:359 - Loaded plugin lpbam (category:base,tabindex:0)
2024-10-07 22:12:50,929 [INFO] PluginManage:310 - Check plugin memorymap
2024-10-07 22:12:50,948 [INFO] PluginManage:359 - Loaded plugin memorymap (category:base,tabindex:4)
2024-10-07 22:12:50,948 [INFO] PluginManage:310 - Check plugin pinoutandconfiguration
2024-10-07 22:12:50,961 [INFO] PluginManage:359 - Loaded plugin pinoutandconfiguration (category:base,tabindex:1)
2024-10-07 22:12:50,961 [INFO] PluginManage:310 - Check plugin pinoutconfig
2024-10-07 22:12:51,086 [WARN] SupportedApi:132 - Cannot load RTOS API schema: s4s-elt-must-match.1: The content of 'definitions' must match (annotation?, (simpleType | complexType)?, (unique | key | keyref)*)). A problem was found starting at: attribute.
2024-10-07 22:12:51,233 [INFO] PluginManage:359 - Loaded plugin pinoutconfig (category:base,tabindex:0)
2024-10-07 22:12:51,233 [INFO] PluginManage:310 - Check plugin power
2024-10-07 22:12:51,248 [INFO] PluginManage:359 - Loaded plugin power (category:power,tabindex:4)
2024-10-07 22:12:51,248 [INFO] PluginManage:310 - Check plugin projectmanager
2024-10-07 22:12:51,265 [INFO] PluginManage:359 - Loaded plugin projectmanager (category:projectmanager,tabindex:4)
2024-10-07 22:12:51,265 [INFO] PluginManage:310 - Check plugin rif
2024-10-07 22:12:51,277 [INFO] PluginManage:359 - Loaded plugin rif (category:base,tabindex:3)
2024-10-07 22:12:51,278 [INFO] PluginManage:310 - Check plugin thirdparty
2024-10-07 22:12:51,554 [WARN] IntegrityCheckThread:84 - waiting for thirdparty lock release [integrity check]
2024-10-07 22:12:51,555 [INFO] PluginManage:359 - Loaded plugin thirdparty (category:base,tabindex:-1)
2024-10-07 22:12:51,555 [INFO] IntegrityCheckThread:86 - entering critical section [integrity check]
2024-10-07 22:12:51,555 [INFO] PluginManage:310 - Check plugin tools
2024-10-07 22:12:51,557 [INFO] ThirdPartyUpdaterWithRetryManager:70 - Updater plugin not ready yet. [1/15]
2024-10-07 22:12:51,599 [INFO] PluginManage:359 - Loaded plugin tools (category:base,tabindex:7)
2024-10-07 22:12:51,599 [INFO] PluginManage:310 - Check plugin tutovideos
2024-10-07 22:12:51,901 [INFO] PluginManage:359 - Loaded plugin tutovideos (category:base,tabindex:-1)
2024-10-07 22:12:51,901 [INFO] PluginManage:310 - Check plugin updater
2024-10-07 22:12:51,938 [INFO] PluginManage:359 - Loaded plugin updater (category:base,tabindex:12)
2024-10-07 22:12:51,938 [INFO] PluginManage:310 - Check plugin userauth
2024-10-07 22:12:51,952 [INFO] UserAuth:113 - Init User Auth plugin
2024-10-07 22:12:51,952 [INFO] PluginManage:359 - Loaded plugin userauth (category:base,tabindex:14)
2024-10-07 22:12:51,953 [INFO] PluginManage:283 - PluginManage : Loaded plugins [18]
2024-10-07 22:12:52,175 [INFO] PinOutPanel:1561 - setPackage(No Configuration,No Configuration)
2024-10-07 22:12:52,262 [INFO] CADModel:165 - CPN selected for project level
2024-10-07 22:12:52,262 [INFO] CADModel:114 - Register for checkConnection events
2024-10-07 22:12:52,282 [INFO] IPUIPlugin:80 - create IPUIPlugin
2024-10-07 22:12:52,283 [INFO] PluginManager:220 - loadIPPluginJar : add adc
2024-10-07 22:12:52,309 [INFO] IPUIPlugin:80 - create IPUIPlugin
2024-10-07 22:12:52,309 [INFO] PluginManager:220 - loadIPPluginJar : add aes
2024-10-07 22:12:52,347 [INFO] IPUIPlugin:80 - create IPUIPlugin
2024-10-07 22:12:52,347 [INFO] PluginManager:220 - loadIPPluginJar : add can
2024-10-07 22:12:52,365 [INFO] IPUIPlugin:80 - create IPUIPlugin
2024-10-07 22:12:52,365 [INFO] PluginManager:220 - loadIPPluginJar : add comp
2024-10-07 22:12:52,389 [INFO] IPUIPlugin:80 - create IPUIPlugin
2024-10-07 22:12:52,389 [INFO] PluginManager:220 - loadIPPluginJar : add cryp
2024-10-07 22:12:52,398 [INFO] IPUIPlugin:80 - create IPUIPlugin
2024-10-07 22:12:52,398 [INFO] PluginManager:220 - loadIPPluginJar : add ddr_ctrl_phy
2024-10-07 22:12:52,422 [INFO] IPUIPlugin:80 - create IPUIPlugin
2024-10-07 22:12:52,422 [INFO] PluginManager:220 - loadIPPluginJar : add dfsdm
2024-10-07 22:12:52,434 [INFO] IPUIPlugin:80 - create IPUIPlugin
2024-10-07 22:12:52,434 [INFO] PluginManager:220 - loadIPPluginJar : add dma
2024-10-07 22:12:52,466 [INFO] IPUIPlugin:80 - create IPUIPlugin
2024-10-07 22:12:52,466 [INFO] PluginManager:220 - loadIPPluginJar : add dma3
2024-10-07 22:12:52,503 [INFO] IPUIPlugin:80 - create IPUIPlugin
2024-10-07 22:12:52,503 [INFO] PluginManager:220 - loadIPPluginJar : add extmemmanager
2024-10-07 22:12:52,524 [INFO] IPUIPlugin:80 - create IPUIPlugin
2024-10-07 22:12:52,525 [INFO] PluginManager:220 - loadIPPluginJar : add fatfs
2024-10-07 22:12:52,579 [INFO] IPUIPlugin:80 - create IPUIPlugin
2024-10-07 22:12:52,579 [INFO] PluginManager:220 - loadIPPluginJar : add fmc
2024-10-07 22:12:52,598 [INFO] IPUIPlugin:80 - create IPUIPlugin
2024-10-07 22:12:52,598 [INFO] PluginManager:220 - loadIPPluginJar : add freertos
2024-10-07 22:12:52,614 [INFO] IPUIPlugin:80 - create IPUIPlugin
2024-10-07 22:12:52,614 [INFO] PluginManager:220 - loadIPPluginJar : add genericplugin
2024-10-07 22:12:52,679 [INFO] IPUIPlugin:80 - create IPUIPlugin
2024-10-07 22:12:52,679 [INFO] PluginManager:220 - loadIPPluginJar : add gfxmmu
2024-10-07 22:12:52,769 [INFO] IPUIPlugin:80 - create IPUIPlugin
2024-10-07 22:12:52,769 [INFO] PluginManager:220 - loadIPPluginJar : add gic
2024-10-07 22:12:52,779 [INFO] IPUIPlugin:80 - create IPUIPlugin
2024-10-07 22:12:52,779 [INFO] PluginManager:220 - loadIPPluginJar : add gpio
2024-10-07 22:12:52,848 [INFO] IPUIPlugin:80 - create IPUIPlugin
2024-10-07 22:12:52,849 [INFO] PluginManager:220 - loadIPPluginJar : add gtzc
2024-10-07 22:12:52,891 [INFO] IPUIPlugin:80 - create IPUIPlugin
2024-10-07 22:12:52,891 [INFO] PluginManager:220 - loadIPPluginJar : add hash
2024-10-07 22:12:52,931 [INFO] IPUIPlugin:80 - create IPUIPlugin
2024-10-07 22:12:52,931 [INFO] PluginManager:220 - loadIPPluginJar : add i2c
2024-10-07 22:12:52,959 [INFO] IPUIPlugin:80 - create IPUIPlugin
2024-10-07 22:12:52,959 [INFO] PluginManager:220 - loadIPPluginJar : add i2s
2024-10-07 22:12:52,990 [INFO] IPUIPlugin:80 - create IPUIPlugin
2024-10-07 22:12:52,990 [INFO] PluginManager:220 - loadIPPluginJar : add i3c
2024-10-07 22:12:53,083 [INFO] IPUIPlugin:80 - create IPUIPlugin
2024-10-07 22:12:53,083 [INFO] PluginManager:220 - loadIPPluginJar : add ipddr
2024-10-07 22:12:53,149 [INFO] IPUIPlugin:80 - create IPUIPlugin
2024-10-07 22:12:53,149 [INFO] PluginManager:220 - loadIPPluginJar : add linkedlist
2024-10-07 22:12:53,175 [INFO] IPUIPlugin:80 - create IPUIPlugin
2024-10-07 22:12:53,175 [INFO] PluginManager:220 - loadIPPluginJar : add lorawan
2024-10-07 22:12:53,201 [INFO] IPUIPlugin:80 - create IPUIPlugin
2024-10-07 22:12:53,201 [INFO] PluginManager:220 - loadIPPluginJar : add ltdc
2024-10-07 22:12:53,213 [INFO] IPUIPlugin:80 - create IPUIPlugin
2024-10-07 22:12:53,213 [INFO] PluginManager:220 - loadIPPluginJar : add mdma
2024-10-07 22:12:53,223 [INFO] IPUIPlugin:80 - create IPUIPlugin
2024-10-07 22:12:53,223 [INFO] PluginManager:220 - loadIPPluginJar : add nvic
2024-10-07 22:12:53,250 [INFO] IPUIPlugin:80 - create IPUIPlugin
2024-10-07 22:12:53,250 [INFO] PluginManager:220 - loadIPPluginJar : add opamp
2024-10-07 22:12:53,301 [INFO] IPUIPlugin:80 - create IPUIPlugin
2024-10-07 22:12:53,302 [INFO] PluginManager:220 - loadIPPluginJar : add openamp
2024-10-07 22:12:53,336 [INFO] IPUIPlugin:80 - create IPUIPlugin
2024-10-07 22:12:53,337 [INFO] PluginManager:220 - loadIPPluginJar : add pdm2pcm
2024-10-07 22:12:53,348 [INFO] IPUIPlugin:80 - create IPUIPlugin
2024-10-07 22:12:53,349 [INFO] PluginManager:220 - loadIPPluginJar : add plateformsettings
2024-10-07 22:12:53,365 [INFO] IPUIPlugin:80 - create IPUIPlugin
2024-10-07 22:12:53,365 [INFO] PluginManager:220 - loadIPPluginJar : add quadspi
2024-10-07 22:12:53,384 [INFO] IPUIPlugin:80 - create IPUIPlugin
2024-10-07 22:12:53,385 [INFO] PluginManager:220 - loadIPPluginJar : add radio
2024-10-07 22:12:53,394 [INFO] IPUIPlugin:80 - create IPUIPlugin
2024-10-07 22:12:53,394 [INFO] PluginManager:220 - loadIPPluginJar : add resmgrutility
2024-10-07 22:12:53,426 [INFO] IPUIPlugin:80 - create IPUIPlugin
2024-10-07 22:12:53,426 [INFO] PluginManager:220 - loadIPPluginJar : add sai
2024-10-07 22:12:53,450 [INFO] IPUIPlugin:80 - create IPUIPlugin
2024-10-07 22:12:53,450 [INFO] PluginManager:220 - loadIPPluginJar : add spi
2024-10-07 22:12:53,497 [INFO] IPUIPlugin:80 - create IPUIPlugin
2024-10-07 22:12:53,497 [INFO] PluginManager:220 - loadIPPluginJar : add stm32_wpan
2024-10-07 22:12:53,512 [INFO] IPUIPlugin:80 - create IPUIPlugin
2024-10-07 22:12:53,513 [INFO] PluginManager:220 - loadIPPluginJar : add tim
2024-10-07 22:12:53,552 [INFO] IPUIPlugin:80 - create IPUIPlugin
2024-10-07 22:12:53,552 [INFO] PluginManager:220 - loadIPPluginJar : add touchsensing
2024-10-07 22:12:53,569 [INFO] IPUIPlugin:80 - create IPUIPlugin
2024-10-07 22:12:53,569 [INFO] PluginManager:220 - loadIPPluginJar : add tracer_emb
2024-10-07 22:12:53,585 [INFO] IPUIPlugin:80 - create IPUIPlugin
2024-10-07 22:12:53,585 [INFO] PluginManager:220 - loadIPPluginJar : add ts
2024-10-07 22:12:53,600 [INFO] IPUIPlugin:80 - create IPUIPlugin
2024-10-07 22:12:53,600 [INFO] PluginManager:220 - loadIPPluginJar : add tsc
2024-10-07 22:12:53,613 [INFO] IPUIPlugin:80 - create IPUIPlugin
2024-10-07 22:12:53,614 [INFO] PluginManager:220 - loadIPPluginJar : add ucpd
2024-10-07 22:12:53,644 [INFO] IPUIPlugin:80 - create IPUIPlugin
2024-10-07 22:12:53,645 [INFO] PluginManager:220 - loadIPPluginJar : add usart
2024-10-07 22:12:53,672 [INFO] IPUIPlugin:80 - create IPUIPlugin
2024-10-07 22:12:53,672 [INFO] PluginManager:220 - loadIPPluginJar : add usbx
2024-10-07 22:12:53,780 [INFO] CADModel:165 - CPN selected for project level
2024-10-07 22:12:53,780 [INFO] CADModel:114 - Register for checkConnection events
2024-10-07 22:12:53,780 [FATAL] Updater:334 - Updater called before beeing initialized
2024-10-07 22:12:53,780 [ERROR] CADModel:125 - Updater not yet initialized, retry later 
2024-10-07 22:12:53,891 [INFO] CADModel:165 - CPN selected for project level
2024-10-07 22:12:53,891 [INFO] CADModel:114 - Register for checkConnection events
2024-10-07 22:12:53,891 [FATAL] Updater:334 - Updater called before beeing initialized
2024-10-07 22:12:53,891 [ERROR] CADModel:125 - Updater not yet initialized, retry later 
2024-10-07 22:12:53,893 [FATAL] Updater:334 - Updater called before beeing initialized
2024-10-07 22:12:53,965 [FATAL] Updater:334 - Updater called before beeing initialized
2024-10-07 22:12:53,968 [INFO] DbMcusAds:53 - JSON generation date=Fri Sep 20 18:34:23 IST 2024 (1726837463113)
2024-10-07 22:12:53,968 [FATAL] Updater:334 - Updater called before beeing initialized
2024-10-07 22:12:53,992 [WARN] DetailPanel:346 - Failed to get advertising image, set to default
2024-10-07 22:12:54,072 [FATAL] Updater:334 - Updater called before beeing initialized
2024-10-07 22:12:54,073 [FATAL] Updater:334 - Updater called before beeing initialized
2024-10-07 22:12:54,074 [FATAL] Updater:334 - Updater called before beeing initialized
2024-10-07 22:12:54,074 [WARN] DetailPanel:346 - Failed to get advertising image, set to default
2024-10-07 22:12:54,075 [FATAL] Updater:334 - Updater called before beeing initialized
2024-10-07 22:12:54,129 [ERROR] Updater:1164 - MainUpdater not yet initialized. External WinMGr cannot be set.
2024-10-07 22:12:54,138 [INFO] Updater:1100 - Updater Version found : 6.12.1
2024-10-07 22:12:54,153 [INFO] ApplicationProperties:184 - Using Application install path: C:\ST\STM32CubeIDE_1.16.1\STM32CubeIDE\plugins\com.st.stm32cube.common.mx_6.12.1.202409122256
2024-10-07 22:12:54,558 [INFO] ThirdPartyUpdaterWithRetryManager:70 - Updater plugin not ready yet. [2/15]
2024-10-07 22:12:55,727 [ERROR] LogOutputStream:75 - [STDERR_REDIRECT] Oct 07, 2024 10:12:55 PM java.util.prefs.WindowsPreferences <init>
2024-10-07 22:12:55,728 [ERROR] LogOutputStream:75 - [STDERR_REDIRECT] WARNING: Could not open/create prefs root node Software\JavaSoft\Prefs at root 0xffffffff80000002. Windows RegCreateKeyEx(...) returned error code 5.
2024-10-07 22:12:55,728 [ERROR] LogOutputStream:75 - [STDERR_REDIRECT] 
2024-10-07 22:12:56,033 [INFO] MainUpdater:2873 - connection check result : 10
2024-10-07 22:12:56,033 [INFO] MainUpdater:3567 - Updater definition file requires update
2024-10-07 22:12:56,034 [INFO] MainUpdater:290 - Updater Check For Update Now.
2024-10-07 22:12:56,034 [INFO] MicroXplorer:498 - Change Database Version : DB.6.0.121
2024-10-07 22:12:56,048 [INFO] McuFinderGlobals:63 - Set McuFinder mode to 2 (CubeIDE integrated)
2024-10-07 22:12:56,053 [INFO] UserAuth:417 - Internet connection configuration mode: 1
2024-10-07 22:12:56,069 [INFO] JxBrowserEngine:152 - Initiate JxBrowser Engine with user profile folder
2024-10-07 22:12:56,154 [INFO] ServerAccessManage:473 - Download File updaters.zip
2024-10-07 22:12:56,266 [INFO] FileExtend:240 - Unzip File : updaters.zip
2024-10-07 22:12:56,267 [INFO] FileExtend:255 - Standard Zip Deflate
2024-10-07 22:12:56,930 [INFO] ServerAccessManage:473 - Download File PacksControlFlags.xml
2024-10-07 22:12:57,056 [INFO] ServerAccessManage:473 - Download File cubemx.pidx
2024-10-07 22:12:57,560 [WARN] MainUpdater:1194 - Updater busy. Cannot search thirdparties
2024-10-07 22:12:57,560 [INFO] ThirdPartyUpdaterWithRetryManager:96 - Updater plugin is busy. [1/15]
2024-10-07 22:12:57,806 [INFO] ServerAccessManage:473 - Download File STMicroelectronics.X-CUBE-IPS.pdsc
2024-10-07 22:12:58,636 [INFO] ServerAccessManage:473 - Download File STMicroelectronics.X-CUBE-WB05N.pdsc
2024-10-07 22:12:59,171 [INFO] CheckServerUpdateThread:120 - End of CheckServer Thread
2024-10-07 22:12:59,217 [WARN] PackLoader:240 - Cannot read IP mode file for STMicroelectronics.X-CUBE-IPS.3.0.0
2024-10-07 22:12:59,254 [WARN] PackLoader:240 - Cannot read IP mode file for STMicroelectronics.X-CUBE-WB05N.1.1.0
2024-10-07 22:12:59,255 [INFO] PopulateThirdPartyThread:66 - Ending populate Thread
2024-10-07 22:12:59,259 [INFO] ThirdParty:1030 - CMSIS Pack Vendor :STMicroelectronics X-CUBE-IPS 3.0.0
2024-10-07 22:12:59,259 [INFO] ThirdParty:1030 - CMSIS Pack Vendor :STMicroelectronics X-CUBE-WB05N 1.1.0
2024-10-07 22:12:59,259 [INFO] LoadServerUpdatesThread:375 - End of LoadServerUpdate Thread
2024-10-07 22:13:00,916 [WARN] PackLoader:240 - Cannot read IP mode file for STMicroelectronics.FP-SNS-MOTENVWB1.1.4.0
2024-10-07 22:13:00,956 [WARN] PackLoader:240 - Cannot read IP mode file for STMicroelectronics.X-CUBE-SMBUS.2.1.0
2024-10-07 22:13:00,960 [WARN] PackLoader:240 - Cannot read IP mode file for STMicroelectronics.X-CUBE-WB05N.1.1.0
2024-10-07 22:13:00,997 [WARN] PackLoader:240 - Cannot read IP mode file for STMicroelectronics.X-CUBE-AZRTOS-F7.1.1.0
2024-10-07 22:13:01,091 [WARN] PackLoader:240 - Cannot read IP mode file for STMicroelectronics.X-CUBE-MEMS1.11.0.0
2024-10-07 22:13:01,234 [WARN] PackLoader:240 - Cannot read IP mode file for STMicroelectronics.FP-SNS-FLIGHT1.5.0.2
2024-10-07 22:13:01,251 [WARN] PackLoader:240 - Cannot read IP mode file for STMicroelectronics.X-CUBE-DISPLAY.3.0.0
2024-10-07 22:13:01,276 [WARN] PackLoader:240 - Cannot read IP mode file for STMicroelectronics.X-CUBE-BLE1.7.0.0
2024-10-07 22:13:01,299 [WARN] PackLoader:240 - Cannot read IP mode file for STMicroelectronics.X-CUBE-NFC10.1.0.0
2024-10-07 22:13:01,315 [WARN] PackLoader:240 - Cannot read IP mode file for emotas.I-CUBE-CANOPEN.1.3.0
2024-10-07 22:13:01,331 [WARN] PackLoader:240 - Cannot read IP mode file for STMicroelectronics.X-CUBE-BLEMGR.3.1.0
2024-10-07 22:13:01,345 [WARN] PackLoader:240 - Cannot read IP mode file for STMicroelectronics.FP-SNS-SMARTAG2.1.2.0
2024-10-07 22:13:01,362 [INFO] LogOutputStream:77 - [STDOUT_REDIRECT] 1 : Invalid condition id : UX_CORESTACK_Condition cause : null
2024-10-07 22:13:01,364 [INFO] LogOutputStream:77 - [STDOUT_REDIRECT] 1 : Invalid condition id : UX_CORESTACK_Condition cause : null
2024-10-07 22:13:01,365 [INFO] LogOutputStream:77 - [STDOUT_REDIRECT] 1 : Invalid condition id : UX_CORESTACK_Condition cause : null
2024-10-07 22:13:01,366 [INFO] LogOutputStream:77 - [STDOUT_REDIRECT] 1 : Invalid condition id : UX_CORESTACK_Condition cause : null
2024-10-07 22:13:01,367 [INFO] LogOutputStream:77 - [STDOUT_REDIRECT] 1 : Invalid condition id : UX_CORESTACK_Condition cause : null
2024-10-07 22:13:01,369 [WARN] PackLoader:240 - Cannot read IP mode file for STMicroelectronics.X-CUBE-AZRTOS-WL.2.0.0
2024-10-07 22:13:01,381 [WARN] PackLoader:240 - Cannot read IP mode file for STMicroelectronics.FP-SNS-MOTENV1.5.0.0
2024-10-07 22:13:01,385 [WARN] PackLoader:240 - Cannot read IP mode file for wolfSSL.I-CUBE-wolfMQTT.1.19.0
2024-10-07 22:13:01,400 [WARN] PackLoader:240 - Cannot read IP mode file for WES.I-CUBE-Cesium.1.3.0
2024-10-07 22:13:01,419 [WARN] PackLoader:240 - Cannot read IP mode file for STMicroelectronics.X-CUBE-BLE2.3.3.0
2024-10-07 22:13:01,440 [WARN] PackLoader:240 - Cannot read IP mode file for STMicroelectronics.X-CUBE-NFC9.1.0.0
2024-10-07 22:13:01,462 [WARN] PackLoader:240 - Cannot read IP mode file for STMicroelectronics.X-CUBE-TCPP.4.1.0
2024-10-07 22:13:01,507 [WARN] PackLoader:240 - Cannot read IP mode file for STMicroelectronics.X-CUBE-AZRTOS-G0.1.1.0
2024-10-07 22:13:01,529 [WARN] PackLoader:240 - Cannot read IP mode file for STMicroelectronics.X-CUBE-SAFEA1.1.2.2
2024-10-07 22:13:01,548 [WARN] PackLoader:240 - Cannot read IP mode file for STMicroelectronics.X-CUBE-NFC4.3.0.0
2024-10-07 22:13:01,566 [WARN] PackLoader:240 - Cannot read IP mode file for EmbeddedOffice.I-CUBE-FS-RTOS.1.0.1
2024-10-07 22:13:01,566 [ERROR] ConditionMgr:805 - Attr not supported : Dmpu
2024-10-07 22:13:01,566 [ERROR] ConditionMgr:805 - Attr not supported : Dmpu
2024-10-07 22:13:01,566 [ERROR] ConditionMgr:805 - Attr not supported : Dmpu
2024-10-07 22:13:01,566 [ERROR] ConditionMgr:805 - Attr not supported : Dmpu
2024-10-07 22:13:01,566 [ERROR] ConditionMgr:805 - Attr not supported : Dmpu
2024-10-07 22:13:01,566 [ERROR] ConditionMgr:805 - Attr not supported : Dmpu
2024-10-07 22:13:01,566 [ERROR] ConditionMgr:805 - Attr not supported : Dmpu
2024-10-07 22:13:01,566 [ERROR] ConditionMgr:805 - Attr not supported : Dmpu
2024-10-07 22:13:01,566 [ERROR] ConditionMgr:805 - Attr not supported : Dmpu
2024-10-07 22:13:01,566 [ERROR] ConditionMgr:805 - Attr not supported : Dmpu
2024-10-07 22:13:01,566 [ERROR] ConditionMgr:805 - Attr not supported : Dmpu
2024-10-07 22:13:01,567 [ERROR] ConditionMgr:805 - Attr not supported : Dmpu
2024-10-07 22:13:01,567 [ERROR] ConditionMgr:805 - Attr not supported : Dmpu
2024-10-07 22:13:01,567 [ERROR] ConditionMgr:805 - Attr not supported : Dmpu
2024-10-07 22:13:01,567 [ERROR] ConditionMgr:805 - Attr not supported : Dmpu
2024-10-07 22:13:01,567 [ERROR] ConditionMgr:805 - Attr not supported : Dmpu
2024-10-07 22:13:01,567 [ERROR] ConditionMgr:805 - Attr not supported : Dmpu
2024-10-07 22:13:01,567 [ERROR] ConditionMgr:805 - Attr not supported : Dmpu
2024-10-07 22:13:01,567 [ERROR] ConditionMgr:805 - Attr not supported : Dmpu
2024-10-07 22:13:01,567 [ERROR] ConditionMgr:805 - Attr not supported : Dmpu
2024-10-07 22:13:01,567 [ERROR] ConditionMgr:805 - Attr not supported : Dmpu
2024-10-07 22:13:01,567 [ERROR] ConditionMgr:805 - Attr not supported : Dmpu
2024-10-07 22:13:01,567 [ERROR] ConditionMgr:805 - Attr not supported : Dmpu
2024-10-07 22:13:01,567 [ERROR] ConditionMgr:805 - Attr not supported : Dmpu
2024-10-07 22:13:01,567 [ERROR] ConditionMgr:805 - Attr not supported : Dmpu
2024-10-07 22:13:01,567 [ERROR] ConditionMgr:805 - Attr not supported : Dmpu
2024-10-07 22:13:01,567 [ERROR] ConditionMgr:805 - Attr not supported : Dmpu
2024-10-07 22:13:01,567 [ERROR] ConditionMgr:805 - Attr not supported : Dmpu
2024-10-07 22:13:01,567 [ERROR] ConditionMgr:805 - Attr not supported : Dmpu
2024-10-07 22:13:01,567 [ERROR] ConditionMgr:805 - Attr not supported : Dmpu
2024-10-07 22:13:01,567 [ERROR] ConditionMgr:805 - Attr not supported : Dmpu
2024-10-07 22:13:01,567 [ERROR] ConditionMgr:805 - Attr not supported : Dmpu
2024-10-07 22:13:01,567 [ERROR] ConditionMgr:805 - Attr not supported : Dmpu
2024-10-07 22:13:01,567 [ERROR] ConditionMgr:805 - Attr not supported : Dmpu
2024-10-07 22:13:01,567 [ERROR] ConditionMgr:805 - Attr not supported : Dmpu
2024-10-07 22:13:01,567 [ERROR] ConditionMgr:805 - Attr not supported : Dmpu
2024-10-07 22:13:01,567 [ERROR] ConditionMgr:805 - Attr not supported : Dmpu
2024-10-07 22:13:01,567 [ERROR] ConditionMgr:805 - Attr not supported : Dmpu
2024-10-07 22:13:01,567 [ERROR] ConditionMgr:805 - Attr not supported : Dmpu
2024-10-07 22:13:01,567 [ERROR] ConditionMgr:805 - Attr not supported : Dmpu
2024-10-07 22:13:01,567 [ERROR] ConditionMgr:805 - Attr not supported : Dmpu
2024-10-07 22:13:01,567 [ERROR] ConditionMgr:805 - Attr not supported : Dmpu
2024-10-07 22:13:01,567 [ERROR] ConditionMgr:805 - Attr not supported : Dmpu
2024-10-07 22:13:01,567 [ERROR] ConditionMgr:805 - Attr not supported : Dmpu
2024-10-07 22:13:01,568 [ERROR] ConditionMgr:805 - Attr not supported : Dmpu
2024-10-07 22:13:01,568 [ERROR] ConditionMgr:805 - Attr not supported : Dmpu
2024-10-07 22:13:01,568 [ERROR] ConditionMgr:805 - Attr not supported : Dmpu
2024-10-07 22:13:01,568 [ERROR] ConditionMgr:805 - Attr not supported : Dmpu
2024-10-07 22:13:01,568 [ERROR] ConditionMgr:805 - Attr not supported : Dmpu
2024-10-07 22:13:01,568 [ERROR] ConditionMgr:805 - Attr not supported : Dmpu
2024-10-07 22:13:01,568 [ERROR] ConditionMgr:805 - Attr not supported : Dmpu
2024-10-07 22:13:01,568 [ERROR] ConditionMgr:805 - Attr not supported : Dmpu
2024-10-07 22:13:01,568 [ERROR] ConditionMgr:805 - Attr not supported : Dmpu
2024-10-07 22:13:01,568 [ERROR] ConditionMgr:805 - Attr not supported : Dmpu
2024-10-07 22:13:01,568 [ERROR] ConditionMgr:805 - Attr not supported : Dmpu
2024-10-07 22:13:01,568 [ERROR] ConditionMgr:805 - Attr not supported : Dmpu
2024-10-07 22:13:01,568 [ERROR] ConditionMgr:805 - Attr not supported : Dmpu
2024-10-07 22:13:01,568 [ERROR] ConditionMgr:805 - Attr not supported : Dmpu
2024-10-07 22:13:01,568 [ERROR] ConditionMgr:805 - Attr not supported : Dmpu
2024-10-07 22:13:01,568 [ERROR] ConditionMgr:805 - Attr not supported : Dmpu
2024-10-07 22:13:01,568 [ERROR] ConditionMgr:805 - Attr not supported : Dmpu
2024-10-07 22:13:01,568 [ERROR] ConditionMgr:805 - Attr not supported : Dmpu
2024-10-07 22:13:01,568 [ERROR] ConditionMgr:805 - Attr not supported : Dmpu
2024-10-07 22:13:01,568 [ERROR] ConditionMgr:805 - Attr not supported : Dmpu
2024-10-07 22:13:01,585 [WARN] PackLoader:240 - Cannot read IP mode file for RealThread.X-CUBE-RT-Thread_Nano.4.1.1
2024-10-07 22:13:01,591 [WARN] PackLoader:240 - Cannot read IP mode file for STMicroelectronics.FP-ATR-SIGFOX1.3.2.0
2024-10-07 22:13:01,602 [WARN] PackLoader:240 - Cannot read IP mode file for wolfSSL.I-CUBE-wolfSSL.5.7.2
2024-10-07 22:13:01,619 [WARN] PackLoader:240 - Cannot read IP mode file for STMicroelectronics.X-CUBE-EEPRMA1.5.1.0
2024-10-07 22:13:01,633 [WARN] PackLoader:240 - Cannot read IP mode file for ITTIA_DB.I-CUBE-ITTIADB.8.9.0
2024-10-07 22:13:01,679 [WARN] PackLoader:240 - Cannot read IP mode file for SEGGER.I-CUBE-embOS.1.3.1
2024-10-07 22:13:01,726 [WARN] PackLoader:240 - Cannot read IP mode file for STMicroelectronics.X-CUBE-ALGOBUILD.1.4.0
2024-10-07 22:13:01,742 [WARN] PackLoader:240 - Cannot read IP mode file for STMicroelectronics.X-CUBE-AI.9.1.0
2024-10-07 22:13:01,764 [WARN] PackLoader:240 - Cannot read IP mode file for STMicroelectronics.X-CUBE-AZRTOS-F4.1.1.0
2024-10-07 22:13:01,777 [WARN] PackLoader:240 - Cannot read IP mode file for STMicroelectronics.X-CUBE-ISPU.2.1.0
2024-10-07 22:13:01,785 [INFO] WebApp:167 - Instantiating new browser for Auth
2024-10-07 22:13:01,789 [WARN] PackLoader:240 - Cannot read IP mode file for STMicroelectronics.X-CUBE-FREERTOS.1.2.0
2024-10-07 22:13:01,810 [WARN] PackLoader:240 - Cannot read IP mode file for STMicroelectronics.X-CUBE-AZRTOS-L5.2.0.0
2024-10-07 22:13:01,854 [WARN] PackLoader:240 - Cannot read IP mode file for STMicroelectronics.X-CUBE-NFC6.3.1.0
2024-10-07 22:13:01,878 [WARN] PackLoader:240 - Cannot read IP mode file for STMicroelectronics.X-CUBE-DPower.1.2.0
2024-10-07 22:13:01,902 [WARN] PackLoader:240 - Cannot read IP mode file for STMicroelectronics.X-CUBE-NFC7.1.0.1
2024-10-07 22:13:01,929 [WARN] ConditionMgr:438 - getConditionDescription Invalid condition id : LAN8742 Phy interface Condition cause : null
2024-10-07 22:13:01,930 [WARN] PackLoader:240 - Cannot read IP mode file for STMicroelectronics.X-CUBE-AZRTOS-L4.2.0.0
2024-10-07 22:13:01,931 [WARN] ConditionMgr:1039 - genDependencies : Invalid condition id : LAN8742 Phy interface Condition cause : null
2024-10-07 22:13:01,932 [WARN] ConditionMgr:1039 - genDependencies : Invalid condition id : LAN8742 Phy interface Condition cause : null
2024-10-07 22:13:01,933 [WARN] ConditionMgr:1039 - genDependencies : Invalid condition id : LAN8742 Phy interface Condition cause : null
2024-10-07 22:13:01,949 [WARN] PackLoader:240 - Cannot read IP mode file for STMicroelectronics.X-CUBE-SFXS2LP1.4.0.0
2024-10-07 22:13:01,988 [WARN] PackLoader:240 - Cannot read IP mode file for STMicroelectronics.X-CUBE-AZRTOS-H7.3.3.0
2024-10-07 22:13:02,003 [WARN] PackLoader:240 - Cannot read IP mode file for STMicroelectronics.X-CUBE-IPS.3.0.0
2024-10-07 22:13:02,028 [WARN] ConditionMgr:438 - getConditionDescription Invalid condition id : UX DEVICE CLASS RTOS Condition cause : null
2024-10-07 22:13:02,029 [WARN] ConditionMgr:438 - getConditionDescription Invalid condition id : UX DEVICE CLASS RTOS Condition cause : null
2024-10-07 22:13:02,032 [WARN] PackLoader:240 - Cannot read IP mode file for STMicroelectronics.X-CUBE-AZRTOS-WB.2.0.0
2024-10-07 22:13:02,033 [WARN] ConditionMgr:1039 - genDependencies : Invalid condition id : UX DEVICE CLASS RTOS Condition cause : null
2024-10-07 22:13:02,033 [WARN] ConditionMgr:1039 - genDependencies : Invalid condition id : UX DEVICE CLASS RTOS Condition cause : null
2024-10-07 22:13:02,033 [WARN] ConditionMgr:1039 - genDependencies : Invalid condition id : UX DEVICE CLASS RTOS Condition cause : null
2024-10-07 22:13:02,034 [WARN] ConditionMgr:1039 - genDependencies : Invalid condition id : UX DEVICE CLASS RTOS Condition cause : null
2024-10-07 22:13:02,034 [WARN] ConditionMgr:1039 - genDependencies : Invalid condition id : UX DEVICE CLASS RTOS Condition cause : null
2024-10-07 22:13:02,049 [WARN] PackLoader:240 - Cannot read IP mode file for STMicroelectronics.X-CUBE-GNSS1.7.0.0
2024-10-07 22:13:02,062 [WARN] PackLoader:240 - Cannot read IP mode file for STMicroelectronics.FP-SNS-STBOX1.2.0.0
2024-10-07 22:13:02,080 [WARN] PackLoader:240 - Cannot read IP mode file for STMicroelectronics.X-CUBE-SUBG2.5.0.0
2024-10-07 22:13:02,089 [WARN] PackLoader:240 - Cannot read IP mode file for Cesanta.I-CUBE-Mongoose.7.13.0
2024-10-07 22:13:02,111 [WARN] PackLoader:240 - Cannot read IP mode file for STMicroelectronics.X-CUBE-AZRTOS-G4.2.0.0
2024-10-07 22:13:02,128 [WARN] PackLoader:240 - Cannot read IP mode file for STMicroelectronics.X-CUBE-ALS.1.0.2
2024-10-07 22:13:02,143 [WARN] PackLoader:240 - Cannot read IP mode file for STMicroelectronics.X-CUBE-TOUCHGFX.4.24.1
2024-10-07 22:13:02,147 [WARN] PackLoader:240 - Cannot read IP mode file for wolfSSL.I-CUBE-wolfTPM.3.4.0
2024-10-07 22:13:02,160 [WARN] PackLoader:240 - Cannot read IP mode file for portGmbH.I-Cube-SoM-uGOAL.1.1.0
2024-10-07 22:13:02,181 [WARN] PackLoader:240 - Cannot read IP mode file for STMicroelectronics.X-CUBE-AZRTOS-H7RS.1.0.0
2024-10-07 22:13:02,186 [WARN] PackLoader:240 - Cannot read IP mode file for STMicroelectronics.FP-ATR-ASTRA1.2.0.0
2024-10-07 22:13:02,201 [WARN] PackLoader:240 - Cannot read IP mode file for STMicroelectronics.X-CUBE-TOF1.3.4.2
2024-10-07 22:13:02,229 [WARN] PackLoader:240 - Cannot read IP mode file for Infineon.AIROC-Wi-Fi-Bluetooth-STM32.1.6.1
2024-10-07 22:13:02,235 [WARN] PackLoader:240 - Cannot read IP mode file for wolfSSL.I-CUBE-wolfSSH.1.4.17
2024-10-07 22:13:02,236 [INFO] ThirdParty:978 - Integrity check success = true
2024-10-07 22:13:02,236 [INFO] IntegrityCheckThread:100 - exiting critical section [integrity check]
2024-10-07 22:13:02,237 [INFO] IntegrityCheckThread:103 - End integrity checks thread
2024-10-07 22:13:03,096 [INFO] WebApp:448 - Apply proxy settings
2024-10-07 22:13:03,097 [INFO] WebApp:533 - Chromium requires no authentication
2024-10-07 22:13:03,108 [INFO] WebApp:476 - Direct internet connection detected
2024-10-07 22:13:03,138 [INFO] WebApp:869 - Register for checkConnection events
2024-10-07 22:13:03,138 [INFO] WebApp:448 - Apply proxy settings
2024-10-07 22:13:03,138 [INFO] WebApp:533 - Chromium requires no authentication
2024-10-07 22:13:03,139 [INFO] WebApp:476 - Direct internet connection detected
2024-10-07 22:13:03,350 [INFO] WebApp:220 - Starting web application
2024-10-07 22:13:03,350 [INFO] WebApp:578 - Web application path used C:\ST\STM32CubeIDE_1.16.1\STM32CubeIDE\plugins\com.st.stm32cube.common.mx_6.12.1.202409122256\db\plugins\mcufinder\reactClient1\index.html
2024-10-07 22:13:03,485 [INFO] UserAuth:417 - Internet connection configuration mode: 1
2024-10-07 22:13:03,667 [INFO] WebApp:186 - Connection restablished
2024-10-07 22:19:52,935 [INFO] WebApp:189 - Connection lost
2024-10-07 22:34:03,407 [ERROR] ConfigurationRetriever:142 - IOException on connection: sw-center.st.com
2024-10-07 22:34:03,407 [ERROR] ConfigurationRetriever:142 - IOException on connection: sw-center.st.com
2024-10-07 22:34:03,408 [ERROR] ConfigurationRetriever:142 - IOException on connection: sw-center.st.com
2024-10-07 22:34:04,189 [ERROR] LogOutputStream:75 - [STDERR_REDIRECT] 
2024-10-07 22:34:04,189 [ERROR] LogOutputStream:75 - [STDERR_REDIRECT] 
